#
# A fatal error has been detected by the Java Runtime Environment:
#
#  SIGBUS (0x7) at pc=0x00007f013afa60c0, pid=25914, tid=139642765772544
#
# JRE version: Java(TM) SE Runtime Environment (8.0_40-b26) (build 1.8.0_40-b26)
# Java VM: Java HotSpot(TM) 64-Bit Server VM (25.40-b25 mixed mode linux-amd64 compressed oops)
# Problematic frame:
# V  [libjvm.so+0x60d0c0]  CodeHeap::find_start(void*) const+0x60
#
# Failed to write core dump. Core dumps have been disabled. To enable core dumping, try "ulimit -c unlimited" before starting Java again
#
# If you would like to submit a bug report, please visit:
#   http://bugreport.java.com/bugreport/crash.jsp
#

---------------  T H R E A D  ---------------

Current thread (0x00007f01340b8800):  JavaThread "C2 CompilerThread0" daemon [_thread_in_vm, id=25926, stack(0x00007f011d630000,0x00007f011d731000)]

siginfo: si_signo: 7 (SIGBUS), si_code: 2 (BUS_ADRERR), si_addr: 0x00007f0127c1bb88

Registers:
RAX=0x00007f0127c1bb80, RBX=0x00007f0126028310, RCX=0x0000000000000006, RDX=0x0000000002c1bb80
RSP=0x00007f011d72f970, RBP=0x00007f011d72f970, RSI=0x00007f0127c1bdc0, RDI=0x0000000000681d60
R8 =0x0000000000000006, R9 =0x00007f0125000000, R10=0x0000000000000000, R11=0x00007f0125000060
R12=0x00007f0127c1bdc0, R13=0x00007f01340b8e50, R14=0x00007f011d72f9a0, R15=0x00007f01340b8d20
RIP=0x00007f013afa60c0, EFLAGS=0x0000000000010202, CSGSFS=0x0000000000000033, ERR=0x0000000000000004
  TRAPNO=0x000000000000000e

Top of Stack: (sp=0x00007f011d72f970)
0x00007f011d72f970:   00007f011d72fa70 00007f013b26e005
0x00007f011d72f980:   00000000000003d8 00007f01340b9148
0x00007f011d72f990:   00007f01340b8d70 00007f01340b8d60
0x00007f011d72f9a0:   0000000000000000 00007f01258141b2
0x00007f011d72f9b0:   00007f0125814220 00007f0125814050
0x00007f011d72f9c0:   00007f0125814577 00007f013b3a000a
0x00007f011d72f9d0:   00007f011d72f9c8 00007f013b010000
0x00007f011d72f9e0:   00007f0125814220 00007f0125814220
0x00007f011d72f9f0:   00007f0125814760 00007f0125814220
0x00007f011d72fa00:   00007f0125814760 00007f0125814798
0x00007f011d72fa10:   00007f013b8e0f50 00007f011d72f9a0
0x00007f011d72fa20:   00007f0125814481 00007f01340b8800
0x00007f011d72fa30:   00007f011d72fa60 00007f013ba6992d
0x00007f011d72fa40:   00007f011d72fa70 00007f0134006c90
0x00007f011d72fa50:   00007f0125814050 00007f01340b8800
0x00007f011d72fa60:   00000000000001db 00007f013b931e78
0x00007f011d72fa70:   00007f011d72faa0 00007f013b3ad8c2
0x00007f011d72fa80:   00007f0134005990 00007f0125814f90
0x00007f011d72fa90:   0000000000000253 0000000000000000
0x00007f011d72faa0:   00007f011d72fb90 00007f013b3adcb8
0x00007f011d72fab0:   00007f011d72fad0 000002bd3b2a2ea3
0x00007f011d72fac0:   00007f0134005990 0000000000003eb7
0x00007f011d72fad0:   00000f40bfec1db3 00000c9db74b3641
0x00007f011d72fae0:   00007f013b8ce700 0000000000000000
0x00007f011d72faf0:   0000000000000000 0000000000000000
0x00007f011d72fb00:   0000000000000000 00007f011d72f9d8
0x00007f011d72fb10:   000000000000004c 0000000000000100
0x00007f011d72fb20:   0000014d14014001 0000000000000000
0x00007f011d72fb30:   00007f01340b0001 000000001f7301ac
0x00007f011d72fb40:   00000f40a078840e 00007f01340b8800
0x00007f011d72fb50:   00000f40bfec1db3 00000c9db74b3641
0x00007f011d72fb60:   000000001f7301ac 000000000c349e40 

Instructions: (pc=0x00007f013afa60c0)
0x00007f013afa60a0:   eb cf 66 0f 1f 44 00 00 0f b6 c0 48 29 c2 0f b6
0x00007f013afa60b0:   04 11 84 c0 75 f2 44 89 c1 48 d3 e2 49 8d 04 11
0x00007f013afa60c0:   80 78 08 00 74 a9 48 83 c0 10 c9 c3 0f 1f 40 00
0x00007f013afa60d0:   55 48 8b 87 f0 00 00 00 48 89 e5 c9 c3 90 66 90 

Register to memory mapping:

RAX=
[error occurred during error reporting (printing register info), id 0x7]

Stack: [0x00007f011d630000,0x00007f011d731000],  sp=0x00007f011d72f970,  free space=1022k
Native frames: (J=compiled Java code, j=interpreted, Vv=VM code, C=native code)
V  [libjvm.so+0x60d0c0]  CodeHeap::find_start(void*) const+0x60
V  [libjvm.so+0x8d5005]  nmethod::cleanup_inline_caches()+0x285
V  [libjvm.so+0xa148c2]  NMethodSweeper::process_nmethod(nmethod*)+0x1c2
V  [libjvm.so+0xa14cb8]  NMethodSweeper::sweep_code_cache()+0x328
V  [libjvm.so+0xa15024]  NMethodSweeper::possibly_sweep()+0xb4
V  [libjvm.so+0x4a6c25]  CompileQueue::get()+0x15
V  [libjvm.so+0x4a8f9b]  CompileBroker::compiler_thread_loop()+0x18b
V  [libjvm.so+0xa5c96f]  JavaThread::thread_main_inner()+0xdf
V  [libjvm.so+0xa5ca9c]  JavaThread::run()+0x11c
V  [libjvm.so+0x910ee8]  java_start(Thread*)+0x108
C  [libpthread.so.0+0x8182]  start_thread+0xc2


---------------  P R O C E S S  ---------------

Java Threads: ( => current thread )
  0x00007f00c8002000 JavaThread "process reaper" daemon [_thread_blocked, id=19428, stack(0x00007f011c01a000,0x00007f011c053000)]
  0x00007f00e4008000 JavaThread "Daemon worker Thread 13" [_thread_blocked, id=19314, stack(0x00007f0117bfe000,0x00007f0117cff000)]
  0x00007f00e4010800 JavaThread "Cancel handler" [_thread_blocked, id=19313, stack(0x00007f0117cff000,0x00007f0117e00000)]
  0x00007f00e4003800 JavaThread "Handler for socket connection from /127.0.0.1:48459 to /127.0.0.1:48989" [_thread_in_native, id=19249, stack(0x00007f011c0cc000,0x00007f011c1cd000)]
  0x00007f00e0005000 JavaThread "Daemon Thread 13" [_thread_blocked, id=19248, stack(0x00007f011c1cd000,0x00007f011c2ce000)]
  0x00007f00d08f7000 JavaThread "File lock request listener" [_thread_in_native, id=26216, stack(0x00007f0116d08000,0x00007f0116e09000)]
  0x00007f01349d6800 JavaThread "Incoming local TCP Connector on port 48459" [_thread_in_native, id=26019, stack(0x00007f011c2ce000,0x00007f011c3cf000)]
  0x00007f01340d2000 JavaThread "Service Thread" daemon [_thread_blocked, id=25929, stack(0x00007f011d32d000,0x00007f011d42e000)]
  0x00007f01340bd000 JavaThread "C1 CompilerThread2" daemon [_thread_blocked, id=25928, stack(0x00007f011d42e000,0x00007f011d52f000)]
  0x00007f01340bb000 JavaThread "C2 CompilerThread1" daemon [_thread_blocked, id=25927, stack(0x00007f011d52f000,0x00007f011d630000)]
=>0x00007f01340b8800 JavaThread "C2 CompilerThread0" daemon [_thread_in_vm, id=25926, stack(0x00007f011d630000,0x00007f011d731000)]
  0x00007f01340b7000 JavaThread "Signal Dispatcher" daemon [_thread_blocked, id=25925, stack(0x00007f011d731000,0x00007f011d832000)]
  0x00007f013407f000 JavaThread "Finalizer" daemon [_thread_blocked, id=25924, stack(0x00007f011dafb000,0x00007f011dbfc000)]
  0x00007f013407d000 JavaThread "Reference Handler" daemon [_thread_blocked, id=25923, stack(0x00007f011dbfc000,0x00007f011dcfd000)]
  0x00007f013400a000 JavaThread "main" [_thread_blocked, id=25917, stack(0x00007f013c459000,0x00007f013c55a000)]

Other Threads:
  0x00007f0134078000 VMThread [stack: 0x00007f011dcfd000,0x00007f011ddfe000] [id=25922]
  0x00007f01340d5000 WatcherThread [stack: 0x00007f011d22c000,0x00007f011d32d000] [id=25930]

VM state:synchronizing (normal execution)

VM Mutex/Monitor currently owned by a thread:  ([mutex/lock_event])
[0x00007f0134006610] Threads_lock - owner thread: 0x00007f0134078000
[0x00007f0134006c90] CompiledIC_lock - owner thread: 0x00007f01340b8800

Heap:
 PSYoungGen      total 289280K, used 92458K [0x00000000eab00000, 0x00000000ff680000, 0x0000000100000000)
  eden space 258560K, 23% used [0x00000000eab00000,0x00000000ee74b110,0x00000000fa780000)
  from space 30720K, 99% used [0x00000000fb300000,0x00000000fd0ffa88,0x00000000fd100000)
  to   space 38400K, 0% used [0x00000000fd100000,0x00000000fd100000,0x00000000ff680000)
 ParOldGen       total 137728K, used 105136K [0x00000000c0000000, 0x00000000c8680000, 0x00000000eab00000)
  object space 137728K, 76% used [0x00000000c0000000,0x00000000c66ac0c8,0x00000000c8680000)
 Metaspace       used 116345K, capacity 121054K, committed 121128K, reserved 1153024K
  class space    used 15694K, capacity 17387K, committed 17448K, reserved 1048576K

Card table byte_map: [0x00007f0139038000,0x00007f0139239000] byte_map_base: 0x00007f0138a38000

Marking Bits: (ParMarkBitMap*) 0x00007f013b9366c0
 Begin Bits: [0x00007f011e000000, 0x00007f011f000000)
 End Bits:   [0x00007f011f000000, 0x00007f0120000000)

Polling page: 0x00007f013c57d000

CodeCache: size=245760Kb used=45784Kb max_used=45796Kb free=199975Kb
 bounds [0x00007f0125000000, 0x00007f0127d10000, 0x00007f0134000000]
 total_blobs=11901 nmethods=11217 adapters=595
 compilation: enabled

Compilation events (10 events):
Event: 16766.659 Thread 0x00007f01340bd000 14988       1       com.android.builder.internal.packaging.Packager::access$000 (5 bytes)
Event: 16766.660 Thread 0x00007f01340bd000 nmethod 14988 0x00007f0127ccf010 code [0x00007f0127ccf160, 0x00007f0127ccf250]
Event: 16769.678 Thread 0x00007f01340bb000 14990       4       org.gradle.api.logging.LogLevel$1::isEnabled (7 bytes)
Event: 16769.679 Thread 0x00007f01340b8800 14991   !   4       org.gradle.api.logging.Logger$isEnabled::call (40 bytes)
Event: 16770.355 Thread 0x00007f01340bd000 14993       3       org.bouncycastle.util.encoders.Base64Encoder::encode (367 bytes)
Event: 16770.356 Thread 0x00007f01340bd000 nmethod 14993 0x00007f0127cff7d0 code [0x00007f0127cffa60, 0x00007f0127d009d8]
Event: 16770.465 Thread 0x00007f01340bd000 14989       1       com.android.builder.internal.packaging.Packager::access$200 (5 bytes)
Event: 16770.465 Thread 0x00007f01340bd000 nmethod 14989 0x00007f0127cf14d0 code [0x00007f0127cf1620, 0x00007f0127cf1710]
Event: 16770.604 Thread 0x00007f01340bb000 nmethod 14990 0x00007f012519d990 code [0x00007f012519db40, 0x00007f012519de38]
Event: 16770.772 Thread 0x00007f01340b8800 nmethod 14991 0x00007f0127d01a50 code [0x00007f0127d01c40, 0x00007f0127d02228]

GC Heap History (10 events):
Event: 13666.435 GC heap before
{Heap before GC invocations=57 (full 15):
 PSYoungGen      total 301568K, used 25226K [0x00000000eab00000, 0x00000000ff980000, 0x0000000100000000)
  eden space 263680K, 0% used [0x00000000eab00000,0x00000000eab00000,0x00000000fac80000)
  from space 37888K, 66% used [0x00000000fd280000,0x00000000feb22b68,0x00000000ff780000)
  to   space 38912K, 0% used [0x00000000fac80000,0x00000000fac80000,0x00000000fd280000)
 ParOldGen       total 137728K, used 65528K [0x00000000c0000000, 0x00000000c8680000, 0x00000000eab00000)
  object space 137728K, 47% used [0x00000000c0000000,0x00000000c3ffe0e8,0x00000000c8680000)
 Metaspace       used 100422K, capacity 103832K, committed 104744K, reserved 1138688K
  class space    used 13339K, capacity 14567K, committed 14888K, reserved 1048576K
Event: 13670.435 GC heap after
Heap after GC invocations=57 (full 15):
 PSYoungGen      total 301568K, used 0K [0x00000000eab00000, 0x00000000ff980000, 0x0000000100000000)
  eden space 263680K, 0% used [0x00000000eab00000,0x00000000eab00000,0x00000000fac80000)
  from space 37888K, 0% used [0x00000000fd280000,0x00000000fd280000,0x00000000ff780000)
  to   space 38912K, 0% used [0x00000000fac80000,0x00000000fac80000,0x00000000fd280000)
 ParOldGen       total 137728K, used 87568K [0x00000000c0000000, 0x00000000c8680000, 0x00000000eab00000)
  object space 137728K, 63% used [0x00000000c0000000,0x00000000c55842f0,0x00000000c8680000)
 Metaspace       used 100389K, capacity 103718K, committed 104744K, reserved 1138688K
  class space    used 13331K, capacity 14533K, committed 14888K, reserved 1048576K
}
Event: 13849.395 GC heap before
{Heap before GC invocations=58 (full 15):
 PSYoungGen      total 301568K, used 263680K [0x00000000eab00000, 0x00000000ff980000, 0x0000000100000000)
  eden space 263680K, 100% used [0x00000000eab00000,0x00000000fac80000,0x00000000fac80000)
  from space 37888K, 0% used [0x00000000fd280000,0x00000000fd280000,0x00000000ff780000)
  to   space 38912K, 0% used [0x00000000fac80000,0x00000000fac80000,0x00000000fd280000)
 ParOldGen       total 137728K, used 87568K [0x00000000c0000000, 0x00000000c8680000, 0x00000000eab00000)
  object space 137728K, 63% used [0x00000000c0000000,0x00000000c55842f0,0x00000000c8680000)
 Metaspace       used 107852K, capacity 111866K, committed 112296K, reserved 1144832K
  class space    used 14426K, capacity 15880K, committed 16040K, reserved 1048576K
Event: 13849.717 GC heap after
Heap after GC invocations=58 (full 15):
 PSYoungGen      total 302592K, used 28790K [0x00000000eab00000, 0x0000000100000000, 0x0000000100000000)
  eden space 263680K, 0% used [0x00000000eab00000,0x00000000eab00000,0x00000000fac80000)
  from space 38912K, 73% used [0x00000000fac80000,0x00000000fc89dbd8,0x00000000fd280000)
  to   space 40448K, 0% used [0x00000000fd880000,0x00000000fd880000,0x0000000100000000)
 ParOldGen       total 137728K, used 87576K [0x00000000c0000000, 0x00000000c8680000, 0x00000000eab00000)
  object space 137728K, 63% used [0x00000000c0000000,0x00000000c55862f0,0x00000000c8680000)
 Metaspace       used 107852K, capacity 111866K, committed 112296K, reserved 1144832K
  class space    used 14426K, capacity 15880K, committed 16040K, reserved 1048576K
}
Event: 13881.402 GC heap before
{Heap before GC invocations=59 (full 15):
 PSYoungGen      total 302592K, used 118019K [0x00000000eab00000, 0x0000000100000000, 0x0000000100000000)
  eden space 263680K, 33% used [0x00000000eab00000,0x00000000f0223288,0x00000000fac80000)
  from space 38912K, 73% used [0x00000000fac80000,0x00000000fc89dbd8,0x00000000fd280000)
  to   space 40448K, 0% used [0x00000000fd880000,0x00000000fd880000,0x0000000100000000)
 ParOldGen       total 137728K, used 87576K [0x00000000c0000000, 0x00000000c8680000, 0x00000000eab00000)
  object space 137728K, 63% used [0x00000000c0000000,0x00000000c55862f0,0x00000000c8680000)
 Metaspace       used 108743K, capacity 112872K, committed 113192K, reserved 1146880K
  class space    used 14569K, capacity 16025K, committed 16168K, reserved 1048576K
Event: 13881.432 GC heap after
Heap after GC invocations=59 (full 15):
 PSYoungGen      total 310784K, used 20567K [0x00000000eab00000, 0x0000000100000000, 0x0000000100000000)
  eden space 270336K, 0% used [0x00000000eab00000,0x00000000eab00000,0x00000000fb300000)
  from space 40448K, 50% used [0x00000000fd880000,0x00000000fec95e50,0x0000000100000000)
  to   space 38400K, 0% used [0x00000000fb300000,0x00000000fb300000,0x00000000fd880000)
 ParOldGen       total 137728K, used 87584K [0x00000000c0000000, 0x00000000c8680000, 0x00000000eab00000)
  object space 137728K, 63% used [0x00000000c0000000,0x00000000c55882f0,0x00000000c8680000)
 Metaspace       used 108743K, capacity 112872K, committed 113192K, reserved 1146880K
  class space    used 14569K, capacity 16025K, committed 16168K, reserved 1048576K
}
Event: 13881.432 GC heap before
{Heap before GC invocations=60 (full 16):
 PSYoungGen      total 310784K, used 20567K [0x00000000eab00000, 0x0000000100000000, 0x0000000100000000)
  eden space 270336K, 0% used [0x00000000eab00000,0x00000000eab00000,0x00000000fb300000)
  from space 40448K, 50% used [0x00000000fd880000,0x00000000fec95e50,0x0000000100000000)
  to   space 38400K, 0% used [0x00000000fb300000,0x00000000fb300000,0x00000000fd880000)
 ParOldGen       total 137728K, used 87584K [0x00000000c0000000, 0x00000000c8680000, 0x00000000eab00000)
  object space 137728K, 63% used [0x00000000c0000000,0x00000000c55882f0,0x00000000c8680000)
 Metaspace       used 108743K, capacity 112872K, committed 113192K, reserved 1146880K
  class space    used 14569K, capacity 16025K, committed 16168K, reserved 1048576K
Event: 13882.986 GC heap after
Heap after GC invocations=60 (full 16):
 PSYoungGen      total 310784K, used 0K [0x00000000eab00000, 0x0000000100000000, 0x0000000100000000)
  eden space 270336K, 0% used [0x00000000eab00000,0x00000000eab00000,0x00000000fb300000)
  from space 40448K, 0% used [0x00000000fd880000,0x00000000fd880000,0x0000000100000000)
  to   space 38400K, 0% used [0x00000000fb300000,0x00000000fb300000,0x00000000fd880000)
 ParOldGen       total 137728K, used 105128K [0x00000000c0000000, 0x00000000c8680000, 0x00000000eab00000)
  object space 137728K, 76% used [0x00000000c0000000,0x00000000c66aa0c8,0x00000000c8680000)
 Metaspace       used 108710K, capacity 112758K, committed 113192K, reserved 1146880K
  class space    used 14561K, capacity 15991K, committed 16168K, reserved 1048576K
}
Event: 16685.870 GC heap before
{Heap before GC invocations=61 (full 16):
 PSYoungGen      total 310784K, used 270336K [0x00000000eab00000, 0x0000000100000000, 0x0000000100000000)
  eden space 270336K, 100% used [0x00000000eab00000,0x00000000fb300000,0x00000000fb300000)
  from space 40448K, 0% used [0x00000000fd880000,0x00000000fd880000,0x0000000100000000)
  to   space 38400K, 0% used [0x00000000fb300000,0x00000000fb300000,0x00000000fd880000)
 ParOldGen       total 137728K, used 105128K [0x00000000c0000000, 0x00000000c8680000, 0x00000000eab00000)
  object space 137728K, 76% used [0x00000000c0000000,0x00000000c66aa0c8,0x00000000c8680000)
 Metaspace       used 116170K, capacity 120854K, committed 121128K, reserved 1153024K
  class space    used 15658K, capacity 17339K, committed 17448K, reserved 1048576K
Event: 16690.412 GC heap after
Heap after GC invocations=61 (full 16):
 PSYoungGen      total 289280K, used 30718K [0x00000000eab00000, 0x00000000ff680000, 0x0000000100000000)
  eden space 258560K, 0% used [0x00000000eab00000,0x00000000eab00000,0x00000000fa780000)
  from space 30720K, 99% used [0x00000000fb300000,0x00000000fd0ffa88,0x00000000fd100000)
  to   space 38400K, 0% used [0x00000000fd100000,0x00000000fd100000,0x00000000ff680000)
 ParOldGen       total 137728K, used 105136K [0x00000000c0000000, 0x00000000c8680000, 0x00000000eab00000)
  object space 137728K, 76% used [0x00000000c0000000,0x00000000c66ac0c8,0x00000000c8680000)
 Metaspace       used 116170K, capacity 120854K, committed 121128K, reserved 1153024K
  class space    used 15658K, capacity 17339K, committed 17448K, reserved 1048576K
}

Deoptimization events (10 events):
Event: 13609.647 Thread 0x00007f00e4003800 Uncommon trap: reason=array_check action=maybe_recompile pc=0x00007f0125c868fc method=java.util.TimSort.mergeLo(IIII)V @ 468
Event: 13609.836 Thread 0x00007f00e4003800 Uncommon trap: reason=array_check action=maybe_recompile pc=0x00007f0125e91040 method=java.util.ComparableTimSort.mergeLo(IIII)V @ 81
Event: 13609.836 Thread 0x00007f00e4003800 Uncommon trap: reason=array_check action=maybe_recompile pc=0x00007f0125e91040 method=java.util.ComparableTimSort.mergeLo(IIII)V @ 81
Event: 13610.271 Thread 0x00007f00e4003800 Uncommon trap: reason=array_check action=maybe_recompile pc=0x00007f0125e91040 method=java.util.ComparableTimSort.mergeLo(IIII)V @ 81
Event: 13611.596 Thread 0x00007f00e4003800 Uncommon trap: reason=array_check action=maybe_recompile pc=0x00007f0125e91040 method=java.util.ComparableTimSort.mergeLo(IIII)V @ 81
Event: 13837.003 Thread 0x00007f00e4008000 Uncommon trap: reason=array_check action=maybe_recompile pc=0x00007f01251f0838 method=java.util.ComparableTimSort.mergeLo(IIII)V @ 207
Event: 13837.735 Thread 0x00007f00e4008000 Uncommon trap: reason=predicate action=maybe_recompile pc=0x00007f0127bc987c method=java.util.ComparableTimSort.mergeLo(IIII)V @ 147
Event: 16656.212 Thread 0x00007f00e4008000 Uncommon trap: reason=array_check action=maybe_recompile pc=0x00007f01251f0838 method=java.util.ComparableTimSort.mergeLo(IIII)V @ 207
Event: 16656.528 Thread 0x00007f00e4008000 Uncommon trap: reason=array_check action=maybe_recompile pc=0x00007f0127c8e1f8 method=java.util.ComparableTimSort.mergeLo(IIII)V @ 240
Event: 16656.528 Thread 0x00007f00e4008000 Uncommon trap: reason=array_check action=maybe_recompile pc=0x00007f0127c8e1f8 method=java.util.ComparableTimSort.mergeLo(IIII)V @ 240

Internal exceptions (10 events):
Event: 16676.292 Thread 0x00007f00e4008000 Exception <a 'java/lang/ClassNotFoundException': com/android/build/gradle/internal/core/MergedNdkConfigCustomizer> (0x00000000f922fe58) thrown at [/HUDSON/workspace/8-2-build-linux-amd64/jdk8u40/3098/hotspot/src/share/vm/classfile/systemDictionary.cpp, li
Event: 16679.306 Thread 0x00007f00e4008000 Exception <a 'java/lang/ClassNotFoundException': com/google/common/base/JoinerBeanInfo> (0x00000000f9b449e0) thrown at [/HUDSON/workspace/8-2-build-linux-amd64/jdk8u40/3098/hotspot/src/share/vm/classfile/systemDictionary.cpp, line 210]
Event: 16679.307 Thread 0x00007f00e4008000 Exception <a 'java/lang/ClassNotFoundException': com/google/common/base/JoinerCustomizer> (0x00000000f9b4ebc8) thrown at [/HUDSON/workspace/8-2-build-linux-amd64/jdk8u40/3098/hotspot/src/share/vm/classfile/systemDictionary.cpp, line 210]
Event: 16679.375 Thread 0x00007f00e4008000 Exception <a 'java/lang/ClassNotFoundException': com/android/build/gradle/tasks/ManifestProcessorTask$1BeanInfo> (0x00000000f9baa150) thrown at [/HUDSON/workspace/8-2-build-linux-amd64/jdk8u40/3098/hotspot/src/share/vm/classfile/systemDictionary.cpp, line
Event: 16679.376 Thread 0x00007f00e4008000 Exception <a 'java/lang/ClassNotFoundException': com/android/build/gradle/tasks/ManifestProcessorTask$1Customizer> (0x00000000f9bb7318) thrown at [/HUDSON/workspace/8-2-build-linux-amd64/jdk8u40/3098/hotspot/src/share/vm/classfile/systemDictionary.cpp, li
Event: 16679.404 Thread 0x00007f00e4008000 Exception <a 'java/lang/ClassNotFoundException': com/google/common/collect/IterablesBeanInfo> (0x00000000f9bec7a8) thrown at [/HUDSON/workspace/8-2-build-linux-amd64/jdk8u40/3098/hotspot/src/share/vm/classfile/systemDictionary.cpp, line 210]
Event: 16679.406 Thread 0x00007f00e4008000 Exception <a 'java/lang/ClassNotFoundException': com/google/common/collect/IterablesCustomizer> (0x00000000f9bf7838) thrown at [/HUDSON/workspace/8-2-build-linux-amd64/jdk8u40/3098/hotspot/src/share/vm/classfile/systemDictionary.cpp, line 210]
Event: 16683.565 Thread 0x00007f00e4008000 Exception <a 'java/security/PrivilegedActionException'> (0x00000000fa5c3380) thrown at [/HUDSON/workspace/8-2-build-linux-amd64/jdk8u40/3098/hotspot/src/share/vm/prims/jvm.cpp, line 1382]
Event: 16683.565 Thread 0x00007f00e4008000 Exception <a 'java/security/PrivilegedActionException'> (0x00000000fa5c39e8) thrown at [/HUDSON/workspace/8-2-build-linux-amd64/jdk8u40/3098/hotspot/src/share/vm/prims/jvm.cpp, line 1382]
Event: 16685.693 Thread 0x00007f00e4008000 Exception <a 'java/io/FileNotFoundException'> (0x00000000fb046210) thrown at [/HUDSON/workspace/8-2-build-linux-amd64/jdk8u40/3098/hotspot/src/share/vm/prims/jni.cpp, line 709]

Events (10 events):
Event: 16749.898 Thread 0x00007f00c8004000 Thread exited: 0x00007f00c8004000
Event: 16749.932 Thread 0x00007f00d1494800 Thread exited: 0x00007f00d1494800
Event: 16750.114 Executing VM operation: RevokeBias
Event: 16751.175 Executing VM operation: RevokeBias done
Event: 16766.722 Thread 0x00007f01340bd000 flushing nmethod 0x00007f012518bd90
Event: 16766.765 Thread 0x00007f01340bd000 flushing nmethod 0x00007f012519d4d0
Event: 16766.765 Thread 0x00007f01340bd000 flushing nmethod 0x00007f01251ccc10
Event: 16770.355 Thread 0x00007f01340bd000 flushing nmethod 0x00007f012524d590
Event: 16770.390 Thread 0x00007f01340bd000 flushing nmethod 0x00007f01252ea650
Event: 16770.451 Thread 0x00007f01340bd000 flushing nmethod 0x00007f012535c950


Dynamic libraries:
00400000-00401000 r-xp 00000000 08:08 802768                             /usr/lib/jvm/jdk1.8.0_40/bin/java
00600000-00601000 rw-p 00000000 08:08 802768                             /usr/lib/jvm/jdk1.8.0_40/bin/java
00680000-006a1000 rw-p 00000000 00:00 0                                  [heap]
c0000000-c8680000 rw-p 00000000 00:00 0 
c8680000-eab00000 ---p 00000000 00:00 0 
eab00000-ff680000 rw-p 00000000 00:00 0 
ff680000-100000000 ---p 00000000 00:00 0 
100000000-10110a000 rw-p 00000000 00:00 0 
10110a000-140000000 ---p 00000000 00:00 0 
7f00ad600000-7f00ad740000 rw-p 00000000 00:00 0 
7f00ad740000-7f00ad800000 ---p 00000000 00:00 0 
7f00ad800000-7f00ada00000 rw-p 00000000 00:00 0 
7f00ada00000-7f00adc00000 rw-p 00000000 00:00 0 
7f00adc00000-7f00ade00000 rw-p 00000000 00:00 0 
7f00ade00000-7f00ae000000 rw-p 00000000 00:00 0 
7f00ae000000-7f00ae200000 rw-p 00000000 00:00 0 
7f00ae200000-7f00ae400000 rw-p 00000000 00:00 0 
7f00ae400000-7f00ae600000 rw-p 00000000 00:00 0 
7f00ae600000-7f00ae800000 rw-p 00000000 00:00 0 
7f00ae800000-7f00aea00000 rw-p 00000000 00:00 0 
7f00aea00000-7f00aec00000 rw-p 00000000 00:00 0 
7f00aec00000-7f00aee00000 rw-p 00000000 00:00 0 
7f00aee00000-7f00af000000 rw-p 00000000 00:00 0 
7f00af000000-7f00af200000 rw-p 00000000 00:00 0 
7f00af200000-7f00af400000 rw-p 00000000 00:00 0 
7f00af400000-7f00af600000 rw-p 00000000 00:00 0 
7f00af600000-7f00afa00000 rw-p 00000000 00:00 0 
7f00afa00000-7f00afc00000 rw-p 00000000 00:00 0 
7f00afc00000-7f00b0000000 rw-p 00000000 00:00 0 
7f00b0000000-7f00b0021000 rw-p 00000000 00:00 0 
7f00b0021000-7f00b4000000 ---p 00000000 00:00 0 
7f00b4000000-7f00b4021000 rw-p 00000000 00:00 0 
7f00b4021000-7f00b8000000 ---p 00000000 00:00 0 
7f00b8000000-7f00b8021000 rw-p 00000000 00:00 0 
7f00b8021000-7f00bc000000 ---p 00000000 00:00 0 
7f00bc000000-7f00bc021000 rw-p 00000000 00:00 0 
7f00bc021000-7f00c0000000 ---p 00000000 00:00 0 
7f00c0000000-7f00c0021000 rw-p 00000000 00:00 0 
7f00c0021000-7f00c4000000 ---p 00000000 00:00 0 
7f00c4000000-7f00c4021000 rw-p 00000000 00:00 0 
7f00c4021000-7f00c8000000 ---p 00000000 00:00 0 
7f00c8000000-7f00c8021000 rw-p 00000000 00:00 0 
7f00c8021000-7f00cc000000 ---p 00000000 00:00 0 
7f00cc000000-7f00cc021000 rw-p 00000000 00:00 0 
7f00cc021000-7f00d0000000 ---p 00000000 00:00 0 
7f00d0000000-7f00d149f000 rw-p 00000000 00:00 0 
7f00d149f000-7f00d4000000 ---p 00000000 00:00 0 
7f00d4000000-7f00d4021000 rw-p 00000000 00:00 0 
7f00d4021000-7f00d8000000 ---p 00000000 00:00 0 
7f00d8000000-7f00d898f000 rw-p 00000000 00:00 0 
7f00d898f000-7f00dc000000 ---p 00000000 00:00 0 
7f00dc000000-7f00dc021000 rw-p 00000000 00:00 0 
7f00dc021000-7f00e0000000 ---p 00000000 00:00 0 
7f00e0000000-7f00e002c000 rw-p 00000000 00:00 0 
7f00e002c000-7f00e4000000 ---p 00000000 00:00 0 
7f00e4000000-7f00e4083000 rw-p 00000000 00:00 0 
7f00e4083000-7f00e8000000 ---p 00000000 00:00 0 
7f00e8000000-7f00e8021000 rw-p 00000000 00:00 0 
7f00e8021000-7f00ec000000 ---p 00000000 00:00 0 
7f00ec000000-7f00ec021000 rw-p 00000000 00:00 0 
7f00ec021000-7f00f0000000 ---p 00000000 00:00 0 
7f00f0000000-7f00f248d000 rw-p 00000000 00:00 0 
7f00f248d000-7f00f4000000 ---p 00000000 00:00 0 
7f00f4000000-7f00f4dfa000 rw-p 00000000 00:00 0 
7f00f4dfa000-7f00f8000000 ---p 00000000 00:00 0 
7f00f8000000-7f00f8021000 rw-p 00000000 00:00 0 
7f00f8021000-7f00fc000000 ---p 00000000 00:00 0 
7f00fc000000-7f00fe1ba000 rw-p 00000000 00:00 0 
7f00fe1ba000-7f0100000000 ---p 00000000 00:00 0 
7f0100000000-7f0100021000 rw-p 00000000 00:00 0 
7f0100021000-7f0104000000 ---p 00000000 00:00 0 
7f0104000000-7f0104021000 rw-p 00000000 00:00 0 
7f0104021000-7f0108000000 ---p 00000000 00:00 0 
7f0108000000-7f0108022000 rw-p 00000000 00:00 0 
7f0108022000-7f010c000000 ---p 00000000 00:00 0 
7f010c000000-7f010c1ca000 rw-p 00000000 00:00 0 
7f010c1ca000-7f0110000000 ---p 00000000 00:00 0 
7f0110000000-7f0110021000 rw-p 00000000 00:00 0 
7f0110021000-7f0114000000 ---p 00000000 00:00 0 
7f011407a000-7f011427a000 rw-p 00000000 00:00 0 
7f011427a000-7f011447a000 rw-p 00000000 00:00 0 
7f011447a000-7f011487a000 rw-p 00000000 00:00 0 
7f011487a000-7f0114a7a000 rw-p 00000000 00:00 0 
7f0114a7a000-7f0114c7a000 rw-p 00000000 00:00 0 
7f0114c7a000-7f0114e7a000 rw-p 00000000 00:00 0 
7f0114e7a000-7f011507a000 rw-p 00000000 00:00 0 
7f011507a000-7f011527a000 rw-p 00000000 00:00 0 
7f011527a000-7f011527d000 ---p 00000000 00:00 0 
7f011527d000-7f011557b000 rw-p 00000000 00:00 0 
7f0115603000-7f0115803000 rw-p 00000000 00:00 0 
7f0115803000-7f0115a03000 rw-p 00000000 00:00 0 
7f0115a03000-7f0115a06000 ---p 00000000 00:00 0 
7f0115a06000-7f0115b04000 rw-p 00000000 00:00 0 
7f0115b04000-7f0115b07000 ---p 00000000 00:00 0 
7f0115b07000-7f0115c05000 rw-p 00000000 00:00 0 
7f0115c05000-7f0115c08000 ---p 00000000 00:00 0 
7f0115c08000-7f0115d06000 rw-p 00000000 00:00 0 
7f0115d06000-7f0115d09000 ---p 00000000 00:00 0 
7f0115d09000-7f0115e07000 rw-p 00000000 00:00 0 
7f0115e07000-7f0115e0a000 ---p 00000000 00:00 0 
7f0115e0a000-7f0116108000 rw-p 00000000 00:00 0 
7f0116108000-7f0116308000 rw-p 00000000 00:00 0 
7f0116308000-7f0116508000 rw-p 00000000 00:00 0 
7f0116508000-7f0116708000 rw-p 00000000 00:00 0 
7f0116708000-7f0116908000 rw-p 00000000 00:00 0 
7f0116908000-7f0116b08000 rw-p 00000000 00:00 0 
7f0116b08000-7f0116d08000 rw-p 00000000 00:00 0 
7f0116d08000-7f0116d0b000 ---p 00000000 00:00 0 
7f0116d0b000-7f0117009000 rw-p 00000000 00:00 0                          [stack:26216]
7f0117019000-7f011701b000 rw-p 00000000 00:00 0 
7f011701b000-7f011702e000 r--s 00344000 08:08 802705                     /usr/lib/jvm/jdk1.8.0_40/jre/lib/resources.jar
7f011702e000-7f0117030000 r--s 0000d000 08:08 665156                     /home/shreyans/Downloads/android-studio/gradle/m2repository/commons-codec/commons-codec/1.4/commons-codec-1.4.jar
7f0117030000-7f0117032000 r--s 0000d000 08:08 665487                     /home/shreyans/Downloads/android-studio/gradle/m2repository/commons-logging/commons-logging/1.1.1/commons-logging-1.1.1.jar
7f0117032000-7f0117037000 r--s 00028000 08:08 665509                     /home/shreyans/Downloads/android-studio/gradle/m2repository/org/apache/httpcomponents/httpcore/4.1/httpcore-4.1.jar
7f0117037000-7f011703f000 r--s 000a8000 08:08 665694                     /home/shreyans/Downloads/android-studio/gradle/m2repository/com/android/tools/external/lombok/lombok-ast/0.2.3/lombok-ast-0.2.3.jar
7f011703f000-7f011706a000 r--s 001f9000 08:08 665577                     /home/shreyans/Downloads/android-studio/gradle/m2repository/com/google/guava/guava/17.0/guava-17.0.jar
7f011706a000-7f0117071000 r--s 00053000 08:08 665519                     /home/shreyans/Downloads/android-studio/gradle/m2repository/org/apache/commons/commons-compress/1.8.1/commons-compress-1.8.1.jar
7f0117071000-7f0117074000 r--s 00012000 08:08 665718                     /home/shreyans/Downloads/android-studio/gradle/m2repository/com/android/tools/layoutlib/layoutlib-api/24.1.0/layoutlib-api-24.1.0.jar
7f0117074000-7f0117076000 r--s 00005000 08:08 665503                     /home/shreyans/Downloads/android-studio/gradle/m2repository/org/apache/httpcomponents/httpmime/4.1/httpmime-4.1.jar
7f0117076000-7f011707e000 r--s 0004e000 08:08 665514                     /home/shreyans/Downloads/android-studio/gradle/m2repository/org/apache/httpcomponents/httpclient/4.1.1/httpclient-4.1.1.jar
7f011707e000-7f011707f000 r--s 00005000 08:08 665588                     /home/shreyans/Downloads/android-studio/gradle/m2repository/com/android/tools/dvlib/24.1.0/dvlib-24.1.0.jar
7f011707f000-7f0117080000 r--s 0000a000 08:08 665722                     /home/shreyans/Downloads/android-studio/gradle/m2repository/net/sf/kxml/kxml2/2.3.0/kxml2-2.3.0.jar
7f0117080000-7f0117081000 r--s 00001000 08:08 665707                     /home/shreyans/Downloads/android-studio/gradle/m2repository/com/android/tools/annotations/24.1.0/annotations-24.1.0.jar
7f0117081000-7f0117086000 r--s 0002a000 08:08 665575                     /home/shreyans/Downloads/android-studio/gradle/m2repository/com/google/code/gson/gson/2.2.4/gson-2.2.4.jar
7f0117086000-7f0117089000 r--s 0002b000 08:08 665681                     /home/shreyans/Downloads/android-studio/gradle/m2repository/com/android/tools/lint/lint-api/24.1.0/lint-api-24.1.0.jar
7f0117089000-7f011708a000 r--s 00004000 08:08 665543                     /home/shreyans/Downloads/android-studio/gradle/m2repository/org/ow2/asm/asm-analysis/5.0.3/asm-analysis-5.0.3.jar
7f011708a000-7f0117098000 r--s 00081000 08:08 665529                     /home/shreyans/Downloads/android-studio/gradle/m2repository/org/bouncycastle/bcpkix-jdk15on/1.48/bcpkix-jdk15on-1.48.jar
7f0117098000-7f011709a000 r--s 00012000 08:08 665594                     /home/shreyans/Downloads/android-studio/gradle/m2repository/com/android/tools/common/24.1.0/common-24.1.0.jar
7f011709a000-7f01170a3000 r--s 000a9000 08:08 665656                     /home/shreyans/Downloads/android-studio/gradle/m2repository/com/android/tools/sdklib/24.1.0/sdklib-24.1.0.jar
7f01170a3000-7f01170a5000 r--s 00002000 08:08 665569                     /home/shreyans/Downloads/android-studio/gradle/m2repository/com/squareup/javawriter/2.5.0/javawriter-2.5.0.jar
7f01170a5000-7f01170aa000 r--s 00042000 08:08 665600                     /home/shreyans/Downloads/android-studio/gradle/m2repository/com/android/tools/ddms/ddmlib/24.1.0/ddmlib-24.1.0.jar
7f01170aa000-7f01170dd000 r--s 00203000 08:08 665533                     /home/shreyans/Downloads/android-studio/gradle/m2repository/org/bouncycastle/bcprov-jdk15on/1.48/bcprov-jdk15on-1.48.jar
7f01170dd000-7f01170e1000 r--s 00029000 08:08 665639                     /home/shreyans/Downloads/android-studio/gradle/m2repository/com/android/tools/build/manifest-merger/24.1.0/manifest-merger-24.1.0.jar
7f01170e1000-7f01170e8000 r--s 0005e000 08:08 665583                     /home/shreyans/Downloads/android-studio/gradle/m2repository/com/android/tools/sdk-common/24.1.0/sdk-common-24.1.0.jar
7f01170e8000-7f01170f8000 r--s 000d3000 08:08 665729                     /home/shreyans/Downloads/android-studio/gradle/m2repository/net/sf/proguard/proguard-base/5.1/proguard-base-5.1.jar
7f01170f8000-7f01170fd000 r--s 00091000 08:08 665672                     /home/shreyans/Downloads/android-studio/gradle/m2repository/com/android/tools/lint/lint-checks/24.1.0/lint-checks-24.1.0.jar
7f01170fd000-7f01172fd000 rw-p 00000000 00:00 0 
7f01172fd000-7f01174fd000 rw-p 00000000 00:00 0 
7f01174fd000-7f01176fd000 rw-p 00000000 00:00 0 
7f01176fd000-7f01178fd000 rw-p 00000000 00:00 0 
7f01178fd000-7f0117afd000 rw-p 00000000 00:00 0 
7f0117afd000-7f0117b00000 ---p 00000000 00:00 0 
7f0117b00000-7f0117bfe000 rw-p 00000000 00:00 0 
7f0117bfe000-7f0117c01000 ---p 00000000 00:00 0 
7f0117c01000-7f0117cff000 rw-p 00000000 00:00 0                          [stack:19314]
7f0117cff000-7f0117d02000 ---p 00000000 00:00 0 
7f0117d02000-7f0118000000 rw-p 00000000 00:00 0                          [stack:19313]
7f0118000000-7f011802a000 rw-p 00000000 00:00 0 
7f011802a000-7f011c000000 ---p 00000000 00:00 0 
7f011c000000-7f011c001000 r--s 0000c000 08:08 665552                     /home/shreyans/Downloads/android-studio/gradle/m2repository/org/ow2/asm/asm/5.0.3/asm-5.0.3.jar
7f011c001000-7f011c003000 r--s 00006000 08:08 665563                     /home/shreyans/Downloads/android-studio/gradle/m2repository/org/ow2/asm/asm-tree/5.0.3/asm-tree-5.0.3.jar
7f011c003000-7f011c015000 r--s 00220000 08:08 665496                     /home/shreyans/Downloads/android-studio/gradle/m2repository/org/eclipse/jdt/core/compiler/ecj/4.4/ecj-4.4.jar
7f011c015000-7f011c01a000 r--s 00034000 08:08 665607                     /home/shreyans/Downloads/android-studio/gradle/m2repository/com/android/tools/build/builder/1.1.0/builder-1.1.0.jar
7f011c01a000-7f011c01d000 ---p 00000000 00:00 0 
7f011c01d000-7f011c053000 rw-p 00000000 00:00 0                          [stack:19428]
7f011c053000-7f011c0cc000 r--s 010e7000 08:08 802257                     /usr/lib/jvm/jdk1.8.0_40/lib/tools.jar
7f011c0cc000-7f011c0cf000 ---p 00000000 00:00 0 
7f011c0cf000-7f011c1cd000 rw-p 00000000 00:00 0                          [stack:19249]
7f011c1cd000-7f011c1d0000 ---p 00000000 00:00 0 
7f011c1d0000-7f011c2ce000 rw-p 00000000 00:00 0                          [stack:19248]
7f011c2ce000-7f011c2d1000 ---p 00000000 00:00 0 
7f011c2d1000-7f011c3cf000 rw-p 00000000 00:00 0                          [stack:26019]
7f011c3cf000-7f011c3e0000 r-xp 00000000 08:08 802658                     /usr/lib/jvm/jdk1.8.0_40/jre/lib/amd64/libnio.so
7f011c3e0000-7f011c5df000 ---p 00011000 08:08 802658                     /usr/lib/jvm/jdk1.8.0_40/jre/lib/amd64/libnio.so
7f011c5df000-7f011c5e0000 rw-p 00010000 08:08 802658                     /usr/lib/jvm/jdk1.8.0_40/jre/lib/amd64/libnio.so
7f011c5e0000-7f011c5f6000 r-xp 00000000 08:08 802631                     /usr/lib/jvm/jdk1.8.0_40/jre/lib/amd64/libnet.so
7f011c5f6000-7f011c7f6000 ---p 00016000 08:08 802631                     /usr/lib/jvm/jdk1.8.0_40/jre/lib/amd64/libnet.so
7f011c7f6000-7f011c7f7000 rw-p 00016000 08:08 802631                     /usr/lib/jvm/jdk1.8.0_40/jre/lib/amd64/libnet.so
7f011c7f7000-7f011c80d000 r-xp 00000000 08:08 661394                     /lib/x86_64-linux-gnu/libgcc_s.so.1
7f011c80d000-7f011ca0c000 ---p 00016000 08:08 661394                     /lib/x86_64-linux-gnu/libgcc_s.so.1
7f011ca0c000-7f011ca0d000 rw-p 00015000 08:08 661394                     /lib/x86_64-linux-gnu/libgcc_s.so.1
7f011ca0d000-7f011caf3000 r-xp 00000000 08:08 11029                      /usr/lib/x86_64-linux-gnu/libstdc++.so.6.0.19
7f011caf3000-7f011ccf2000 ---p 000e6000 08:08 11029                      /usr/lib/x86_64-linux-gnu/libstdc++.so.6.0.19
7f011ccf2000-7f011ccfa000 r--p 000e5000 08:08 11029                      /usr/lib/x86_64-linux-gnu/libstdc++.so.6.0.19
7f011ccfa000-7f011ccfc000 rw-p 000ed000 08:08 11029                      /usr/lib/x86_64-linux-gnu/libstdc++.so.6.0.19
7f011ccfc000-7f011cd11000 rw-p 00000000 00:00 0 
7f011cd11000-7f011cd12000 r--s 00002000 08:08 665620                     /home/shreyans/Downloads/android-studio/gradle/m2repository/com/android/tools/build/builder-test-api/1.1.0/builder-test-api-1.1.0.jar
7f011cd12000-7f011cd14000 r--s 00004000 08:08 665615                     /home/shreyans/Downloads/android-studio/gradle/m2repository/com/android/tools/build/builder-model/1.1.0/builder-model-1.1.0.jar
7f011cd14000-7f011cd15000 r--s 00002000 08:08 665734                     /home/shreyans/Downloads/android-studio/gradle/m2repository/net/sf/proguard/proguard-gradle/5.1/proguard-gradle-5.1.jar
7f011cd15000-7f011cd17000 r--s 0001a000 08:08 665664                     /home/shreyans/Downloads/android-studio/gradle/m2repository/com/android/tools/lint/lint/24.1.0/lint-24.1.0.jar
7f011cd17000-7f011cd28000 r--s 00140000 08:08 665632                     /home/shreyans/Downloads/android-studio/gradle/m2repository/com/android/tools/build/gradle-core/1.1.0/gradle-core-1.1.0.jar
7f011cd28000-7f011cd29000 r--s 00009000 08:08 665627                     /home/shreyans/Downloads/android-studio/gradle/m2repository/com/android/tools/build/gradle/1.1.0/gradle-1.1.0.jar
7f011cd29000-7f011cd2a000 r--p 00000000 00:00 0 
7f011cd2a000-7f011cd31000 r--s 00000000 08:08 300584                     /usr/lib/x86_64-linux-gnu/gconv/gconv-modules.cache
7f011cd31000-7f011cd35000 r-xp 00000000 08:08 683891                     /tmp/native-platform6265264903832174810dir/libnative-platform.so
7f011cd35000-7f011cf34000 ---p 00004000 08:08 683891                     /tmp/native-platform6265264903832174810dir/libnative-platform.so
7f011cf34000-7f011cf35000 rw-p 00003000 08:08 683891                     /tmp/native-platform6265264903832174810dir/libnative-platform.so
7f011cf35000-7f011cf3a000 r--s 00094000 08:08 802679                     /usr/lib/jvm/jdk1.8.0_40/jre/lib/jsse.jar
7f011cf3a000-7f011cf3b000 r--s 00001000 08:08 580546                     /home/shreyans/.gradle/wrapper/dists/gradle-2.2.1-all/c64ydeuardnfqctvr1gm30w53/gradle-2.2.1/lib/plugins/gradle-plugin-development-2.2.1.jar
7f011cf3b000-7f011cf3d000 r--s 00002000 08:08 580545                     /home/shreyans/.gradle/wrapper/dists/gradle-2.2.1-all/c64ydeuardnfqctvr1gm30w53/gradle-2.2.1/lib/plugins/gradle-cunit-2.2.1.jar
7f011cf3d000-7f011cf42000 r--s 00036000 08:08 580480                     /home/shreyans/.gradle/wrapper/dists/gradle-2.2.1-all/c64ydeuardnfqctvr1gm30w53/gradle-2.2.1/lib/plugins/gradle-ide-native-2.2.1.jar
7f011cf42000-7f011cf47000 r--s 00013000 08:08 580478                     /home/shreyans/.gradle/wrapper/dists/gradle-2.2.1-all/c64ydeuardnfqctvr1gm30w53/gradle-2.2.1/lib/plugins/gradle-language-native-2.2.1.jar
7f011cf47000-7f011cf52000 r--s 0004d000 08:08 580470                     /home/shreyans/.gradle/wrapper/dists/gradle-2.2.1-all/c64ydeuardnfqctvr1gm30w53/gradle-2.2.1/lib/plugins/gradle-platform-native-2.2.1.jar
7f011cf52000-7f011cf54000 r--s 00008000 08:08 570236                     /home/shreyans/.gradle/wrapper/dists/gradle-2.2.1-all/c64ydeuardnfqctvr1gm30w53/gradle-2.2.1/lib/plugins/gradle-language-groovy-2.2.1.jar
7f011cf54000-7f011cf59000 r--s 00022000 08:08 568573                     /home/shreyans/.gradle/wrapper/dists/gradle-2.2.1-all/c64ydeuardnfqctvr1gm30w53/gradle-2.2.1/lib/plugins/gradle-language-java-2.2.1.jar
7f011cf59000-7f011cf5c000 r--s 00007000 08:08 568571                     /home/shreyans/.gradle/wrapper/dists/gradle-2.2.1-all/c64ydeuardnfqctvr1gm30w53/gradle-2.2.1/lib/plugins/gradle-language-jvm-2.2.1.jar
7f011cf5c000-7f011cf5f000 r--s 00009000 08:08 568569                     /home/shreyans/.gradle/wrapper/dists/gradle-2.2.1-all/c64ydeuardnfqctvr1gm30w53/gradle-2.2.1/lib/plugins/gradle-platform-jvm-2.2.1.jar
7f011cf5f000-7f011cf64000 r--s 00018000 08:08 568567                     /home/shreyans/.gradle/wrapper/dists/gradle-2.2.1-all/c64ydeuardnfqctvr1gm30w53/gradle-2.2.1/lib/plugins/gradle-platform-base-2.2.1.jar
7f011cf64000-7f011cf69000 r--s 00026000 08:08 568565                     /home/shreyans/.gradle/wrapper/dists/gradle-2.2.1-all/c64ydeuardnfqctvr1gm30w53/gradle-2.2.1/lib/plugins/gradle-build-init-2.2.1.jar
7f011cf69000-7f011cf6c000 r--s 0001d000 08:08 568563                     /home/shreyans/.gradle/wrapper/dists/gradle-2.2.1-all/c64ydeuardnfqctvr1gm30w53/gradle-2.2.1/lib/plugins/gradle-jacoco-2.2.1.jar
7f011cf6c000-7f011cf6f000 r--s 0000d000 08:08 568561                     /home/shreyans/.gradle/wrapper/dists/gradle-2.2.1-all/c64ydeuardnfqctvr1gm30w53/gradle-2.2.1/lib/plugins/gradle-ivy-2.2.1.jar
7f011cf6f000-7f011cf71000 r--s 00002000 08:08 568559                     /home/shreyans/.gradle/wrapper/dists/gradle-2.2.1-all/c64ydeuardnfqctvr1gm30w53/gradle-2.2.1/lib/plugins/gradle-publish-2.2.1.jar
7f011cf71000-7f011cf73000 r--s 00005000 08:08 580571                     /home/shreyans/.gradle/wrapper/dists/gradle-2.2.1-all/c64ydeuardnfqctvr1gm30w53/gradle-2.2.1/lib/plugins/jatl-0.2.2.jar
7f011cf73000-7f011cf75000 r--s 0000f000 08:08 568557                     /home/shreyans/.gradle/wrapper/dists/gradle-2.2.1-all/c64ydeuardnfqctvr1gm30w53/gradle-2.2.1/lib/plugins/gradle-reporting-2.2.1.jar
7f011cf75000-7f011cf7a000 r--s 00034000 08:08 568555                     /home/shreyans/.gradle/wrapper/dists/gradle-2.2.1-all/c64ydeuardnfqctvr1gm30w53/gradle-2.2.1/lib/plugins/gradle-diagnostics-2.2.1.jar
7f011cf7a000-7f011cf81000 r--s 00090000 08:08 568553                     /home/shreyans/.gradle/wrapper/dists/gradle-2.2.1-all/c64ydeuardnfqctvr1gm30w53/gradle-2.2.1/lib/plugins/gradle-build-comparison-2.2.1.jar
7f011cf81000-7f011cf88000 r--s 00035000 08:08 580570                     /home/shreyans/.gradle/wrapper/dists/gradle-2.2.1-all/c64ydeuardnfqctvr1gm30w53/gradle-2.2.1/lib/plugins/simple-4.1.21.jar
7f011cf88000-7f011cf94000 r--s 00100000 08:08 580568                     /home/shreyans/.gradle/wrapper/dists/gradle-2.2.1-all/c64ydeuardnfqctvr1gm30w53/gradle-2.2.1/lib/plugins/rhino-1.7R3.jar
7f011cf94000-7f011cf99000 r--s 0001f000 08:08 568551                     /home/shreyans/.gradle/wrapper/dists/gradle-2.2.1-all/c64ydeuardnfqctvr1gm30w53/gradle-2.2.1/lib/plugins/gradle-javascript-2.2.1.jar
7f011cf99000-7f011cf9b000 r--s 0000e000 08:08 568547                     /home/shreyans/.gradle/wrapper/dists/gradle-2.2.1-all/c64ydeuardnfqctvr1gm30w53/gradle-2.2.1/lib/plugins/gradle-ear-2.2.1.jar
7f011cf9b000-7f011cf9f000 r--s 00025000 08:08 580567                     /home/shreyans/.gradle/wrapper/dists/gradle-2.2.1-all/c64ydeuardnfqctvr1gm30w53/gradle-2.2.1/lib/plugins/bcpg-jdk15-1.46.jar
7f011cf9f000-7f011cfa2000 r--s 0001d000 08:08 568545                     /home/shreyans/.gradle/wrapper/dists/gradle-2.2.1-all/c64ydeuardnfqctvr1gm30w53/gradle-2.2.1/lib/plugins/gradle-signing-2.2.1.jar
7f011cfa2000-7f011cfa3000 r--s 00002000 08:08 580566                     /home/shreyans/.gradle/wrapper/dists/gradle-2.2.1-all/c64ydeuardnfqctvr1gm30w53/gradle-2.2.1/lib/plugins/sonar-batch-bootstrapper-2.9.jar
7f011cfa3000-7f011cfa6000 r--s 00018000 08:08 568543                     /home/shreyans/.gradle/wrapper/dists/gradle-2.2.1-all/c64ydeuardnfqctvr1gm30w53/gradle-2.2.1/lib/plugins/gradle-sonar-2.2.1.jar
7f011cfa6000-7f011cfa9000 r--s 00017000 08:08 568541                     /home/shreyans/.gradle/wrapper/dists/gradle-2.2.1-all/c64ydeuardnfqctvr1gm30w53/gradle-2.2.1/lib/plugins/gradle-scala-2.2.1.jar
7f011cfa9000-7f011cfab000 r--s 0000e000 08:08 568539                     /home/shreyans/.gradle/wrapper/dists/gradle-2.2.1-all/c64ydeuardnfqctvr1gm30w53/gradle-2.2.1/lib/plugins/gradle-announce-2.2.1.jar
7f011cfab000-7f011cfb9000 r--s 000bc000 08:08 568537                     /home/shreyans/.gradle/wrapper/dists/gradle-2.2.1-all/c64ydeuardnfqctvr1gm30w53/gradle-2.2.1/lib/plugins/gradle-ide-2.2.1.jar
7f011cfb9000-7f011cfbb000 r--s 00000000 08:08 580565                     /home/shreyans/.gradle/wrapper/dists/gradle-2.2.1-all/c64ydeuardnfqctvr1gm30w53/gradle-2.2.1/lib/plugins/plexus-component-annotations-1.5.2.jar
7f011cfbb000-7f011cfbe000 r--s 0000c000 08:08 580564                     /home/shreyans/.gradle/wrapper/dists/gradle-2.2.1-all/c64ydeuardnfqctvr1gm30w53/gradle-2.2.1/lib/plugins/pmaven-groovy-0.8-20100325.jar
7f011cfbe000-7f011cfbf000 r--s 00004000 08:08 580563                     /home/shreyans/.gradle/wrapper/dists/gradle-2.2.1-all/c64ydeuardnfqctvr1gm30w53/gradle-2.2.1/lib/plugins/pmaven-common-0.8-20100325.jar
7f011cfbf000-7f011cfc3000 r--s 0001e000 08:08 568533                     /home/shreyans/.gradle/wrapper/dists/gradle-2.2.1-all/c64ydeuardnfqctvr1gm30w53/gradle-2.2.1/lib/plugins/gradle-maven-2.2.1.jar
7f011cfc3000-7f011cfdb000 r--s 0013b000 08:08 580561                     /home/shreyans/.gradle/wrapper/dists/gradle-2.2.1-all/c64ydeuardnfqctvr1gm30w53/gradle-2.2.1/lib/plugins/bndlib-2.1.0.jar
7f011cfdb000-7f011cfdd000 r--s 00004000 08:08 568531                     /home/shreyans/.gradle/wrapper/dists/gradle-2.2.1-all/c64ydeuardnfqctvr1gm30w53/gradle-2.2.1/lib/plugins/gradle-osgi-2.2.1.jar
7f011cfdd000-7f011cfe2000 r--s 00068000 08:08 580560                     /home/shreyans/.gradle/wrapper/dists/gradle-2.2.1-all/c64ydeuardnfqctvr1gm30w53/gradle-2.2.1/lib/plugins/antlr-2.7.7.jar
7f011cfe2000-7f011cfe3000 r--s 00002000 08:08 580559                     /home/shreyans/.gradle/wrapper/dists/gradle-2.2.1-all/c64ydeuardnfqctvr1gm30w53/gradle-2.2.1/lib/plugins/ant-antlr-1.9.3.jar
7f011cfe3000-7f011cfe5000 r--s 00004000 08:08 568529                     /home/shreyans/.gradle/wrapper/dists/gradle-2.2.1-all/c64ydeuardnfqctvr1gm30w53/gradle-2.2.1/lib/plugins/gradle-antlr-2.2.1.jar
7f011cfe5000-7f011cfe8000 r--s 0001e000 08:08 580582                     /home/shreyans/.gradle/wrapper/dists/gradle-2.2.1-all/c64ydeuardnfqctvr1gm30w53/gradle-2.2.1/lib/plugins/jsp-api-2.1-6.1.14.jar
7f011cfe8000-7f011d00b000 r--s 00344000 08:08 580581                     /home/shreyans/.gradle/wrapper/dists/gradle-2.2.1-all/c64ydeuardnfqctvr1gm30w53/gradle-2.2.1/lib/plugins/core-3.1.1.jar
7f011d00b000-7f011d00c000 r--s 00006000 08:08 580580                     /home/shreyans/.gradle/wrapper/dists/gradle-2.2.1-all/c64ydeuardnfqctvr1gm30w53/gradle-2.2.1/lib/plugins/jetty-naming-6.1.25.jar
7f011d00c000-7f011d00d000 r--s 00002000 08:08 580558                     /home/shreyans/.gradle/wrapper/dists/gradle-2.2.1-all/c64ydeuardnfqctvr1gm30w53/gradle-2.2.1/lib/plugins/geronimo-annotation_1.0_spec-1.0.jar
7f011d00d000-7f011d00f000 r--s 00002000 08:08 580557                     /home/shreyans/.gradle/wrapper/dists/gradle-2.2.1-all/c64ydeuardnfqctvr1gm30w53/gradle-2.2.1/lib/plugins/jetty-annotations-6.1.25.jar
7f011d00f000-7f011d020000 r--s 000ea000 08:08 580556                     /home/shreyans/.gradle/wrapper/dists/gradle-2.2.1-all/c64ydeuardnfqctvr1gm30w53/gradle-2.2.1/lib/plugins/jsp-2.1-6.1.14.jar
7f011d020000-7f011d022000 r--s 0000d000 08:08 580555                     /home/shreyans/.gradle/wrapper/dists/gradle-2.2.1-all/c64ydeuardnfqctvr1gm30w53/gradle-2.2.1/lib/plugins/jetty-plus-6.1.25.jar
7f011d022000-7f011d024000 r--s 0001f000 08:08 580554                     /home/shreyans/.gradle/wrapper/dists/gradle-2.2.1-all/c64ydeuardnfqctvr1gm30w53/gradle-2.2.1/lib/plugins/servlet-api-2.5-20081211.jar
7f011d024000-7f011d028000 r--s 00028000 08:08 580553                     /home/shreyans/.gradle/wrapper/dists/gradle-2.2.1-all/c64ydeuardnfqctvr1gm30w53/gradle-2.2.1/lib/plugins/jetty-util-6.1.25.jar
7f011d028000-7f011d02f000 r--s 0007d000 08:08 580552                     /home/shreyans/.gradle/wrapper/dists/gradle-2.2.1-all/c64ydeuardnfqctvr1gm30w53/gradle-2.2.1/lib/plugins/jetty-6.1.25.jar
7f011d02f000-7f011d031000 r--s 00009000 08:08 568527                     /home/shreyans/.gradle/wrapper/dists/gradle-2.2.1-all/c64ydeuardnfqctvr1gm30w53/gradle-2.2.1/lib/plugins/gradle-jetty-2.2.1.jar
7f011d031000-7f011d036000 r--s 00041000 08:08 568525                     /home/shreyans/.gradle/wrapper/dists/gradle-2.2.1-all/c64ydeuardnfqctvr1gm30w53/gradle-2.2.1/lib/plugins/gradle-code-quality-2.2.1.jar
7f011d036000-7f011d038000 r--s 00009000 08:08 580590                     /home/shreyans/.gradle/wrapper/dists/gradle-2.2.1-all/c64ydeuardnfqctvr1gm30w53/gradle-2.2.1/lib/plugins/hamcrest-core-1.3.jar
7f011d038000-7f011d03e000 r--s 00033000 08:08 580579                     /home/shreyans/.gradle/wrapper/dists/gradle-2.2.1-all/c64ydeuardnfqctvr1gm30w53/gradle-2.2.1/lib/plugins/snakeyaml-1.6.jar
7f011d03e000-7f011d040000 r--s 00006000 08:08 580578                     /home/shreyans/.gradle/wrapper/dists/gradle-2.2.1-all/c64ydeuardnfqctvr1gm30w53/gradle-2.2.1/lib/plugins/jcommander-1.12.jar
7f011d040000-7f011d045000 r--s 00040000 08:08 580577                     /home/shreyans/.gradle/wrapper/dists/gradle-2.2.1-all/c64ydeuardnfqctvr1gm30w53/gradle-2.2.1/lib/plugins/bsh-2.0b4.jar
7f011d045000-7f011d047000 r--s 00009000 08:08 580551                     /home/shreyans/.gradle/wrapper/dists/gradle-2.2.1-all/c64ydeuardnfqctvr1gm30w53/gradle-2.2.1/lib/plugins/commons-cli-1.2.jar
7f011d047000-7f011d050000 r--s 00089000 08:08 580550                     /home/shreyans/.gradle/wrapper/dists/gradle-2.2.1-all/c64ydeuardnfqctvr1gm30w53/gradle-2.2.1/lib/plugins/testng-6.3.1.jar
7f011d050000-7f011d056000 r--s 00036000 08:08 580549                     /home/shreyans/.gradle/wrapper/dists/gradle-2.2.1-all/c64ydeuardnfqctvr1gm30w53/gradle-2.2.1/lib/plugins/junit-4.11.jar
7f011d056000-7f011d062000 r--s 00075000 08:08 568523                     /home/shreyans/.gradle/wrapper/dists/gradle-2.2.1-all/c64ydeuardnfqctvr1gm30w53/gradle-2.2.1/lib/plugins/gradle-plugins-2.2.1.jar
7f011d062000-7f011d065000 r--s 00011000 08:08 580547                     /home/shreyans/.gradle/wrapper/dists/gradle-2.2.1-all/c64ydeuardnfqctvr1gm30w53/gradle-2.2.1/lib/plugins/gradle-plugin-use-2.2.1.jar
7f011d065000-7f011d07d000 r--s 00115000 08:08 580588                     /home/shreyans/.gradle/wrapper/dists/gradle-2.2.1-all/c64ydeuardnfqctvr1gm30w53/gradle-2.2.1/lib/plugins/xercesImpl-2.9.1.jar
7f011d07d000-7f011d085000 r--s 00028000 08:08 580589                     /home/shreyans/.gradle/wrapper/dists/gradle-2.2.1-all/c64ydeuardnfqctvr1gm30w53/gradle-2.2.1/lib/plugins/xml-apis-1.3.04.jar
7f011d085000-7f011d08b000 r--s 0005b000 08:08 580587                     /home/shreyans/.gradle/wrapper/dists/gradle-2.2.1-all/c64ydeuardnfqctvr1gm30w53/gradle-2.2.1/lib/plugins/jcifs-1.3.17.jar
7f011d08b000-7f011d091000 r--s 00031000 08:08 580586                     /home/shreyans/.gradle/wrapper/dists/gradle-2.2.1-all/c64ydeuardnfqctvr1gm30w53/gradle-2.2.1/lib/plugins/httpcore-4.2.2.jar
7f011d091000-7f011d097000 r--s 00033000 08:08 580585                     /home/shreyans/.gradle/wrapper/dists/gradle-2.2.1-all/c64ydeuardnfqctvr1gm30w53/gradle-2.2.1/lib/plugins/commons-codec-1.6.jar
7f011d097000-7f011d09a000 r--s 0001c000 08:08 580584                     /home/shreyans/.gradle/wrapper/dists/gradle-2.2.1-all/c64ydeuardnfqctvr1gm30w53/gradle-2.2.1/lib/plugins/nekohtml-1.9.14.jar
7f011d09a000-7f011d0a3000 r--s 00060000 08:08 580583                     /home/shreyans/.gradle/wrapper/dists/gradle-2.2.1-all/c64ydeuardnfqctvr1gm30w53/gradle-2.2.1/lib/plugins/httpclient-4.2.2.jar
7f011d0a3000-7f011d0a5000 r--s 00007000 08:08 580572                     /home/shreyans/.gradle/wrapper/dists/gradle-2.2.1-all/c64ydeuardnfqctvr1gm30w53/gradle-2.2.1/lib/plugins/gradle-resources-http-2.2.1.jar
7f011d0a5000-7f011d0cd000 r--s 00194000 08:08 580576                     /home/shreyans/.gradle/wrapper/dists/gradle-2.2.1-all/c64ydeuardnfqctvr1gm30w53/gradle-2.2.1/lib/plugins/bcprov-jdk15-1.46.jar
7f011d0cd000-7f011d0d1000 r--s 0001d000 08:08 580575                     /home/shreyans/.gradle/wrapper/dists/gradle-2.2.1-all/c64ydeuardnfqctvr1gm30w53/gradle-2.2.1/lib/plugins/xbean-reflect-3.4.jar
7f011d0d1000-7f011d0d6000 r--s 0002a000 08:08 580569                     /home/shreyans/.gradle/wrapper/dists/gradle-2.2.1-all/c64ydeuardnfqctvr1gm30w53/gradle-2.2.1/lib/plugins/gson-2.2.4.jar
7f011d0d6000-7f011d0da000 r--s 0003d000 08:08 580574                     /home/shreyans/.gradle/wrapper/dists/gradle-2.2.1-all/c64ydeuardnfqctvr1gm30w53/gradle-2.2.1/lib/plugins/jsch-0.1.51.jar
7f011d0da000-7f011d0f3000 r--s 00129000 08:08 580562                     /home/shreyans/.gradle/wrapper/dists/gradle-2.2.1-all/c64ydeuardnfqctvr1gm30w53/gradle-2.2.1/lib/plugins/maven-ant-tasks-2.1.3.jar
7f011d0f3000-7f011d102000 r--s 000d9000 08:08 580573                     /home/shreyans/.gradle/wrapper/dists/gradle-2.2.1-all/c64ydeuardnfqctvr1gm30w53/gradle-2.2.1/lib/plugins/ivy-2.2.0.jar
7f011d102000-7f011d106000 r--s 0001e000 08:08 568521                     /home/shreyans/.gradle/wrapper/dists/gradle-2.2.1-all/c64ydeuardnfqctvr1gm30w53/gradle-2.2.1/lib/plugins/jarjar-aether-impl-1.13.1.jar
7f011d106000-7f011d109000 r--s 00027000 08:08 568269                     /home/shreyans/.gradle/wrapper/dists/gradle-2.2.1-all/c64ydeuardnfqctvr1gm30w53/gradle-2.2.1/lib/plugins/jarjar-maven-model-3.0.4.jar
7f011d109000-7f011d10c000 r--s 0000b000 08:08 568267                     /home/shreyans/.gradle/wrapper/dists/gradle-2.2.1-all/c64ydeuardnfqctvr1gm30w53/gradle-2.2.1/lib/plugins/jarjar-maven-artifact-3.0.4.jar
7f011d10c000-7f011d110000 r--s 0001e000 08:08 568221                     /home/shreyans/.gradle/wrapper/dists/gradle-2.2.1-all/c64ydeuardnfqctvr1gm30w53/gradle-2.2.1/lib/plugins/jarjar-aether-util-1.13.1.jar
7f011d110000-7f011d112000 r--s 00007000 08:08 568219                     /home/shreyans/.gradle/wrapper/dists/gradle-2.2.1-all/c64ydeuardnfqctvr1gm30w53/gradle-2.2.1/lib/plugins/jarjar-wagon-http-shared4-2.4.jar
7f011d112000-7f011d11f000 r--s 00083000 08:08 568165                     /home/shreyans/.gradle/wrapper/dists/gradle-2.2.1-all/c64ydeuardnfqctvr1gm30w53/gradle-2.2.1/lib/plugins/jarjar-maven-core-3.0.4.jar
7f011d11f000-7f011d121000 r--s 00003000 08:08 568163                     /home/shreyans/.gradle/wrapper/dists/gradle-2.2.1-all/c64ydeuardnfqctvr1gm30w53/gradle-2.2.1/lib/plugins/jarjar-aether-spi-1.13.1.jar
7f011d121000-7f011d123000 r--s 00009000 08:08 568161                     /home/shreyans/.gradle/wrapper/dists/gradle-2.2.1-all/c64ydeuardnfqctvr1gm30w53/gradle-2.2.1/lib/plugins/jarjar-maven-settings-builder-3.0.4.jar
7f011d123000-7f011d127000 r--s 00014000 08:08 568159                     /home/shreyans/.gradle/wrapper/dists/gradle-2.2.1-all/c64ydeuardnfqctvr1gm30w53/gradle-2.2.1/lib/plugins/jarjar-aether-api-1.13.1.jar
7f011d127000-7f011d128000 r--s 00002000 08:08 568157                     /home/shreyans/.gradle/wrapper/dists/gradle-2.2.1-all/c64ydeuardnfqctvr1gm30w53/gradle-2.2.1/lib/plugins/jarjar-wagon-http-2.4.jar
7f011d128000-7f011d12f000 r--s 00042000 08:08 568155                     /home/shreyans/.gradle/wrapper/dists/gradle-2.2.1-all/c64ydeuardnfqctvr1gm30w53/gradle-2.2.1/lib/plugins/jarjar-maven-compat-3.0.4.jar
7f011d12f000-7f011d131000 r--s 00006000 08:08 568153                     /home/shreyans/.gradle/wrapper/dists/gradle-2.2.1-all/c64ydeuardnfqctvr1gm30w53/gradle-2.2.1/lib/plugins/jarjar-aether-connector-wagon-1.13.1.jar
7f011d131000-7f011d133000 r--s 00000000 08:08 568151                     /home/shreyans/.gradle/wrapper/dists/gradle-2.2.1-all/c64ydeuardnfqctvr1gm30w53/gradle-2.2.1/lib/plugins/jarjar-plexus-component-annotations-1.5.5.jar
7f011d133000-7f011d135000 r--s 00006000 08:08 568149                     /home/shreyans/.gradle/wrapper/dists/gradle-2.2.1-all/c64ydeuardnfqctvr1gm30w53/gradle-2.2.1/lib/plugins/jarjar-plexus-sec-dispatcher-1.3.jar
7f011d135000-7f011d13a000 r--s 00022000 08:08 568147                     /home/shreyans/.gradle/wrapper/dists/gradle-2.2.1-all/c64ydeuardnfqctvr1gm30w53/gradle-2.2.1/lib/plugins/jarjar-maven-model-builder-3.0.4.jar
7f011d13a000-7f011d13c000 r--s 0000b000 08:08 568145                     /home/shreyans/.gradle/wrapper/dists/gradle-2.2.1-all/c64ydeuardnfqctvr1gm30w53/gradle-2.2.1/lib/plugins/jarjar-maven-plugin-api-3.0.4.jar
7f011d13c000-7f011d13f000 r--s 0000a000 08:08 568143                     /home/shreyans/.gradle/wrapper/dists/gradle-2.2.1-all/c64ydeuardnfqctvr1gm30w53/gradle-2.2.1/lib/plugins/jarjar-plexus-classworlds-2.4.jar
7f011d13f000-7f011d143000 r--s 00035000 08:08 568141                     /home/shreyans/.gradle/wrapper/dists/gradle-2.2.1-all/c64ydeuardnfqctvr1gm30w53/gradle-2.2.1/lib/plugins/jarjar-plexus-utils-2.0.6.jar
7f011d143000-7f011d145000 r--s 0000e000 08:08 568139                     /home/shreyans/.gradle/wrapper/dists/gradle-2.2.1-all/c64ydeuardnfqctvr1gm30w53/gradle-2.2.1/lib/plugins/jarjar-plexus-interpolation-1.14.jar
7f011d145000-7f011d147000 r--s 00002000 08:08 568137                     /home/shreyans/.gradle/wrapper/dists/gradle-2.2.1-all/c64ydeuardnfqctvr1gm30w53/gradle-2.2.1/lib/plugins/jarjar-plexus-cipher-1.7.jar
7f011d147000-7f011d149000 r--s 0000c000 08:08 568135                     /home/shreyans/.gradle/wrapper/dists/gradle-2.2.1-all/c64ydeuardnfqctvr1gm30w53/gradle-2.2.1/lib/plugins/jarjar-wagon-provider-api-2.4.jar
7f011d149000-7f011d14b000 r--s 0000d000 08:08 568133                     /home/shreyans/.gradle/wrapper/dists/gradle-2.2.1-all/c64ydeuardnfqctvr1gm30w53/gradle-2.2.1/lib/plugins/jarjar-maven-aether-provider-3.0.4.jar
7f011d14b000-7f011d153000 r--s 00031000 08:08 568131                     /home/shreyans/.gradle/wrapper/dists/gradle-2.2.1-all/c64ydeuardnfqctvr1gm30w53/gradle-2.2.1/lib/plugins/jarjar-plexus-container-default-1.5.5.jar
7f011d153000-7f011d154000 r--s 00007000 08:08 568129                     /home/shreyans/.gradle/wrapper/dists/gradle-2.2.1-all/c64ydeuardnfqctvr1gm30w53/gradle-2.2.1/lib/plugins/jarjar-maven-repository-metadata-3.0.4.jar
7f011d154000-7f011d155000 r--s 0000b000 08:08 568127                     /home/shreyans/.gradle/wrapper/dists/gradle-2.2.1-all/c64ydeuardnfqctvr1gm30w53/gradle-2.2.1/lib/plugins/jarjar-maven-settings-3.0.4.jar
7f011d155000-7f011d16d000 r--s 000b5000 08:08 580548                     /home/shreyans/.gradle/wrapper/dists/gradle-2.2.1-all/c64ydeuardnfqctvr1gm30w53/gradle-2.2.1/lib/plugins/gradle-dependency-management-2.2.1.jar
7f011d16d000-7f011d16e000 r--s 00005000 08:08 568031                     /home/shreyans/.gradle/wrapper/dists/gradle-2.2.1-all/c64ydeuardnfqctvr1gm30w53/gradle-2.2.1/lib/gradle-wrapper-2.2.1.jar
7f011d16e000-7f011d177000 r--s 0002c000 08:08 568041                     /home/shreyans/.gradle/wrapper/dists/gradle-2.2.1-all/c64ydeuardnfqctvr1gm30w53/gradle-2.2.1/lib/gradle-tooling-api-2.2.1.jar
7f011d177000-7f011d179000 r--s 00002000 08:08 568089                     /home/shreyans/.gradle/wrapper/dists/gradle-2.2.1-all/c64ydeuardnfqctvr1gm30w53/gradle-2.2.1/lib/gradle-open-api-2.2.1.jar
7f011d179000-7f011d17f000 r--s 00032000 08:08 568093                     /home/shreyans/.gradle/wrapper/dists/gradle-2.2.1-all/c64ydeuardnfqctvr1gm30w53/gradle-2.2.1/lib/jaxen-1.1.jar
7f011d17f000-7f011d184000 r--s 00048000 08:08 568091                     /home/shreyans/.gradle/wrapper/dists/gradle-2.2.1-all/c64ydeuardnfqctvr1gm30w53/gradle-2.2.1/lib/dom4j-1.6.1.jar
7f011d184000-7f011d18f000 r--s 00059000 08:08 568039                     /home/shreyans/.gradle/wrapper/dists/gradle-2.2.1-all/c64ydeuardnfqctvr1gm30w53/gradle-2.2.1/lib/gradle-ui-2.2.1.jar
7f011d18f000-7f011d191000 r--s 00006000 08:08 568081                     /home/shreyans/.gradle/wrapper/dists/gradle-2.2.1-all/c64ydeuardnfqctvr1gm30w53/gradle-2.2.1/lib/gradle-resources-2.2.1.jar
7f011d191000-7f011d193000 r--s 00007000 08:08 568125                     /home/shreyans/.gradle/wrapper/dists/gradle-2.2.1-all/c64ydeuardnfqctvr1gm30w53/gradle-2.2.1/lib/objenesis-1.2.jar
7f011d193000-7f011d195000 r--s 00000000 08:08 568123                     /home/shreyans/.gradle/wrapper/dists/gradle-2.2.1-all/c64ydeuardnfqctvr1gm30w53/gradle-2.2.1/lib/minlog-1.2.jar
7f011d195000-7f011d197000 r--s 0000f000 08:08 568121                     /home/shreyans/.gradle/wrapper/dists/gradle-2.2.1-all/c64ydeuardnfqctvr1gm30w53/gradle-2.2.1/lib/reflectasm-1.07-shaded.jar
7f011d197000-7f011d19b000 r--s 00026000 08:08 568103                     /home/shreyans/.gradle/wrapper/dists/gradle-2.2.1-all/c64ydeuardnfqctvr1gm30w53/gradle-2.2.1/lib/kryo-2.20.jar
7f011d19b000-7f011d1a4000 r--s 00039000 08:08 568079                     /home/shreyans/.gradle/wrapper/dists/gradle-2.2.1-all/c64ydeuardnfqctvr1gm30w53/gradle-2.2.1/lib/gradle-messaging-2.2.1.jar
7f011d1a4000-7f011d1a5000 r--s 00003000 08:08 568119                     /home/shreyans/.gradle/wrapper/dists/gradle-2.2.1-all/c64ydeuardnfqctvr1gm30w53/gradle-2.2.1/lib/native-platform-freebsd-amd64-0.10.jar
7f011d1a5000-7f011d1a6000 r--s 00003000 08:08 568117                     /home/shreyans/.gradle/wrapper/dists/gradle-2.2.1-all/c64ydeuardnfqctvr1gm30w53/gradle-2.2.1/lib/native-platform-freebsd-i386-0.10.jar
7f011d1a6000-7f011d1a7000 r--s 00005000 08:08 568115                     /home/shreyans/.gradle/wrapper/dists/gradle-2.2.1-all/c64ydeuardnfqctvr1gm30w53/gradle-2.2.1/lib/native-platform-windows-i386-0.10.jar
7f011d1a7000-7f011d1a8000 r--s 00005000 08:08 568113                     /home/shreyans/.gradle/wrapper/dists/gradle-2.2.1-all/c64ydeuardnfqctvr1gm30w53/gradle-2.2.1/lib/native-platform-windows-amd64-0.10.jar
7f011d1a8000-7f011d1a9000 r--s 00003000 08:08 568111                     /home/shreyans/.gradle/wrapper/dists/gradle-2.2.1-all/c64ydeuardnfqctvr1gm30w53/gradle-2.2.1/lib/native-platform-linux-i386-0.10.jar
7f011d1a9000-7f011d1aa000 r--s 00003000 08:08 568109                     /home/shreyans/.gradle/wrapper/dists/gradle-2.2.1-all/c64ydeuardnfqctvr1gm30w53/gradle-2.2.1/lib/native-platform-linux-amd64-0.10.jar
7f011d1aa000-7f011d1ab000 r--s 00002000 08:08 568107                     /home/shreyans/.gradle/wrapper/dists/gradle-2.2.1-all/c64ydeuardnfqctvr1gm30w53/gradle-2.2.1/lib/native-platform-osx-amd64-0.10.jar
7f011d1ab000-7f011d1ac000 r--s 00002000 08:08 568105                     /home/shreyans/.gradle/wrapper/dists/gradle-2.2.1-all/c64ydeuardnfqctvr1gm30w53/gradle-2.2.1/lib/native-platform-osx-i386-0.10.jar
7f011d1ac000-7f011d1ae000 r--s 00008000 08:08 568099                     /home/shreyans/.gradle/wrapper/dists/gradle-2.2.1-all/c64ydeuardnfqctvr1gm30w53/gradle-2.2.1/lib/jansi-1.2.1.jar
7f011d1ae000-7f011d1b1000 r--s 0000d000 08:08 568097                     /home/shreyans/.gradle/wrapper/dists/gradle-2.2.1-all/c64ydeuardnfqctvr1gm30w53/gradle-2.2.1/lib/native-platform-0.10.jar
7f011d1b1000-7f011d1b5000 r--s 000e4000 08:08 568095                     /home/shreyans/.gradle/wrapper/dists/gradle-2.2.1-all/c64ydeuardnfqctvr1gm30w53/gradle-2.2.1/lib/jna-3.2.7.jar
7f011d1b5000-7f011d1b7000 r--s 00008000 08:08 568043                     /home/shreyans/.gradle/wrapper/dists/gradle-2.2.1-all/c64ydeuardnfqctvr1gm30w53/gradle-2.2.1/lib/gradle-native-2.2.1.jar
7f011d1b7000-7f011d1b9000 r--s 00005000 08:08 568037                     /home/shreyans/.gradle/wrapper/dists/gradle-2.2.1-all/c64ydeuardnfqctvr1gm30w53/gradle-2.2.1/lib/gradle-cli-2.2.1.jar
7f011d1b9000-7f011d1bb000 r--s 00003000 08:08 568077                     /home/shreyans/.gradle/wrapper/dists/gradle-2.2.1-all/c64ydeuardnfqctvr1gm30w53/gradle-2.2.1/lib/gradle-base-services-groovy-2.2.1.jar
7f011d1bb000-7f011d1bd000 r--s 0000a000 08:08 568055                     /home/shreyans/.gradle/wrapper/dists/gradle-2.2.1-all/c64ydeuardnfqctvr1gm30w53/gradle-2.2.1/lib/gradle-model-groovy-2.2.1.jar
7f011d1bd000-7f011d1c1000 r--s 0001b000 08:08 568053                     /home/shreyans/.gradle/wrapper/dists/gradle-2.2.1-all/c64ydeuardnfqctvr1gm30w53/gradle-2.2.1/lib/gradle-model-core-2.2.1.jar
7f011d1c1000-7f011d22c000 r--s 00685000 08:08 568049                     /home/shreyans/.gradle/wrapper/dists/gradle-2.2.1-all/c64ydeuardnfqctvr1gm30w53/gradle-2.2.1/lib/groovy-all-2.3.6.jar
7f011d22c000-7f011d22d000 ---p 00000000 00:00 0 
7f011d22d000-7f011d32d000 rw-p 00000000 00:00 0                          [stack:25930]
7f011d32d000-7f011d330000 ---p 00000000 00:00 0 
7f011d330000-7f011d42e000 rw-p 00000000 00:00 0                          [stack:25929]
7f011d42e000-7f011d431000 ---p 00000000 00:00 0 
7f011d431000-7f011d52f000 rw-p 00000000 00:00 0                          [stack:25928]
7f011d52f000-7f011d532000 ---p 00000000 00:00 0 
7f011d532000-7f011d630000 rw-p 00000000 00:00 0                          [stack:25927]
7f011d630000-7f011d633000 ---p 00000000 00:00 0 
7f011d633000-7f011d731000 rw-p 00000000 00:00 0                          [stack:25926]
7f011d731000-7f011d734000 ---p 00000000 00:00 0 
7f011d734000-7f011d832000 rw-p 00000000 00:00 0                          [stack:25925]
7f011d832000-7f011dafb000 r--p 00000000 08:08 8924                       /usr/lib/locale/locale-archive
7f011dafb000-7f011dafe000 ---p 00000000 00:00 0 
7f011dafe000-7f011dbfc000 rw-p 00000000 00:00 0                          [stack:25924]
7f011dbfc000-7f011dbff000 ---p 00000000 00:00 0 
7f011dbff000-7f011dcfd000 rw-p 00000000 00:00 0                          [stack:25923]
7f011dcfd000-7f011dcfe000 ---p 00000000 00:00 0 
7f011dcfe000-7f0120000000 rw-p 00000000 00:00 0                          [stack:25922]
7f0120000000-7f0120021000 rw-p 00000000 00:00 0 
7f0120021000-7f0124000000 ---p 00000000 00:00 0 
7f0124000000-7f0124001000 r--s 00000000 08:08 568083                     /home/shreyans/.gradle/wrapper/dists/gradle-2.2.1-all/c64ydeuardnfqctvr1gm30w53/gradle-2.2.1/lib/gradle-docs-2.2.1.jar
7f0124001000-7f0124003000 r--s 00003000 08:08 568087                     /home/shreyans/.gradle/wrapper/dists/gradle-2.2.1-all/c64ydeuardnfqctvr1gm30w53/gradle-2.2.1/lib/jcl-over-slf4j-1.7.7.jar
7f0124003000-7f0124004000 r--s 00005000 08:08 568085                     /home/shreyans/.gradle/wrapper/dists/gradle-2.2.1-all/c64ydeuardnfqctvr1gm30w53/gradle-2.2.1/lib/log4j-over-slf4j-1.7.7.jar
7f0124004000-7f0124005000 r--s 00000000 08:08 568075                     /home/shreyans/.gradle/wrapper/dists/gradle-2.2.1-all/c64ydeuardnfqctvr1gm30w53/gradle-2.2.1/lib/javax.inject-1.jar
7f0124005000-7f0124008000 r--s 0001b000 08:08 568073                     /home/shreyans/.gradle/wrapper/dists/gradle-2.2.1-all/c64ydeuardnfqctvr1gm30w53/gradle-2.2.1/lib/jarjar-1.3.jar
7f0124008000-7f012400a000 r--s 00000000 08:08 568071                     /home/shreyans/.gradle/wrapper/dists/gradle-2.2.1-all/c64ydeuardnfqctvr1gm30w53/gradle-2.2.1/lib/jul-to-slf4j-1.7.7.jar
7f012400a000-7f0124010000 r--s 0003b000 08:08 568067                     /home/shreyans/.gradle/wrapper/dists/gradle-2.2.1-all/c64ydeuardnfqctvr1gm30w53/gradle-2.2.1/lib/logback-classic-1.0.13.jar
7f0124010000-7f012401a000 r--s 0005d000 08:08 568065                     /home/shreyans/.gradle/wrapper/dists/gradle-2.2.1-all/c64ydeuardnfqctvr1gm30w53/gradle-2.2.1/lib/logback-core-1.0.13.jar
7f012401a000-7f012401f000 r--s 00041000 08:08 568063                     /home/shreyans/.gradle/wrapper/dists/gradle-2.2.1-all/c64ydeuardnfqctvr1gm30w53/gradle-2.2.1/lib/commons-lang-2.6.jar
7f012401f000-7f012402d000 r--s 0007f000 08:08 568061                     /home/shreyans/.gradle/wrapper/dists/gradle-2.2.1-all/c64ydeuardnfqctvr1gm30w53/gradle-2.2.1/lib/commons-collections-3.2.1.jar
7f012402d000-7f0124032000 r--s 00036000 08:08 568057                     /home/shreyans/.gradle/wrapper/dists/gradle-2.2.1-all/c64ydeuardnfqctvr1gm30w53/gradle-2.2.1/lib/asm-all-5.0.3.jar
7f0124032000-7f012405a000 r--s 001cf000 08:08 568047                     /home/shreyans/.gradle/wrapper/dists/gradle-2.2.1-all/c64ydeuardnfqctvr1gm30w53/gradle-2.2.1/lib/guava-jdk5-17.0.jar
7f012405a000-7f0124079000 r--s 001cc000 08:08 568059                     /home/shreyans/.gradle/wrapper/dists/gradle-2.2.1-all/c64ydeuardnfqctvr1gm30w53/gradle-2.2.1/lib/ant-1.9.3.jar
7f0124079000-7f0124084000 r--s 00116000 08:08 802685                     /usr/lib/jvm/jdk1.8.0_40/jre/lib/ext/localedata.jar
7f0124084000-7f01240a0000 r--s 00393000 08:08 802691                     /usr/lib/jvm/jdk1.8.0_40/jre/lib/ext/cldrdata.jar
7f01240a0000-7f01240d1000 r--s 00191000 08:08 568035                     /home/shreyans/.gradle/wrapper/dists/gradle-2.2.1-all/c64ydeuardnfqctvr1gm30w53/gradle-2.2.1/lib/gradle-core-2.2.1.jar
7f01240d1000-7f01240d9000 r--s 0003c000 08:08 568029                     /home/shreyans/.gradle/wrapper/dists/gradle-2.2.1-all/c64ydeuardnfqctvr1gm30w53/gradle-2.2.1/lib/gradle-launcher-2.2.1.jar
7f01240d9000-7f0124e28000 rw-p 00000000 00:00 0 
7f0124e28000-7f0125000000 r--s 03d09000 08:08 802676                     /usr/lib/jvm/jdk1.8.0_40/jre/lib/rt.jar
7f0125000000-7f0127d10000 rwxp 00000000 00:00 0 
7f0127d10000-7f0134000000 ---p 00000000 00:00 0 
7f0134000000-7f01349fb000 rw-p 00000000 00:00 0 
7f01349fb000-7f0138000000 ---p 00000000 00:00 0 
7f0138000000-7f0138003000 r--s 00018000 08:08 567933                     /home/shreyans/.gradle/wrapper/dists/gradle-2.2.1-all/c64ydeuardnfqctvr1gm30w53/gradle-2.2.1/lib/commons-io-1.4.jar
7f0138003000-7f0138005000 r--s 00006000 08:08 568045                     /home/shreyans/.gradle/wrapper/dists/gradle-2.2.1-all/c64ydeuardnfqctvr1gm30w53/gradle-2.2.1/lib/slf4j-api-1.7.7.jar
7f0138005000-7f0138ade000 rw-p 00000000 00:00 0 
7f0138ade000-7f0138adf000 ---p 00000000 00:00 0 
7f0138adf000-7f0138bdf000 rw-p 00000000 00:00 0                          [stack:25921]
7f0138bdf000-7f0138be0000 ---p 00000000 00:00 0 
7f0138be0000-7f0138ce0000 rw-p 00000000 00:00 0                          [stack:25920]
7f0138ce0000-7f0138ce1000 ---p 00000000 00:00 0 
7f0138ce1000-7f0138de1000 rw-p 00000000 00:00 0                          [stack:25919]
7f0138de1000-7f0138de2000 ---p 00000000 00:00 0 
7f0138de2000-7f0138f26000 rw-p 00000000 00:00 0                          [stack:25918]
7f0138f26000-7f0139038000 ---p 00000000 00:00 0 
7f0139038000-7f013907c000 rw-p 00000000 00:00 0 
7f013907c000-7f013918d000 ---p 00000000 00:00 0 
7f013918d000-7f0139234000 rw-p 00000000 00:00 0 
7f0139234000-7f0139238000 ---p 00000000 00:00 0 
7f0139238000-7f01392ee000 rw-p 00000000 00:00 0 
7f01392ee000-7f01395f9000 ---p 00000000 00:00 0 
7f01395f9000-7f0139613000 r-xp 00000000 08:08 802626                     /usr/lib/jvm/jdk1.8.0_40/jre/lib/amd64/libzip.so
7f0139613000-7f0139813000 ---p 0001a000 08:08 802626                     /usr/lib/jvm/jdk1.8.0_40/jre/lib/amd64/libzip.so
7f0139813000-7f0139814000 rw-p 0001a000 08:08 802626                     /usr/lib/jvm/jdk1.8.0_40/jre/lib/amd64/libzip.so
7f0139814000-7f013981f000 r-xp 00000000 08:08 661420                     /lib/x86_64-linux-gnu/libnss_files-2.19.so
7f013981f000-7f0139a1e000 ---p 0000b000 08:08 661420                     /lib/x86_64-linux-gnu/libnss_files-2.19.so
7f0139a1e000-7f0139a1f000 r--p 0000a000 08:08 661420                     /lib/x86_64-linux-gnu/libnss_files-2.19.so
7f0139a1f000-7f0139a20000 rw-p 0000b000 08:08 661420                     /lib/x86_64-linux-gnu/libnss_files-2.19.so
7f0139a20000-7f0139a2b000 r-xp 00000000 08:08 665090                     /lib/x86_64-linux-gnu/libnss_nis-2.19.so
7f0139a2b000-7f0139c2a000 ---p 0000b000 08:08 665090                     /lib/x86_64-linux-gnu/libnss_nis-2.19.so
7f0139c2a000-7f0139c2b000 r--p 0000a000 08:08 665090                     /lib/x86_64-linux-gnu/libnss_nis-2.19.so
7f0139c2b000-7f0139c2c000 rw-p 0000b000 08:08 665090                     /lib/x86_64-linux-gnu/libnss_nis-2.19.so
7f0139c2c000-7f0139c43000 r-xp 00000000 08:08 661456                     /lib/x86_64-linux-gnu/libnsl-2.19.so
7f0139c43000-7f0139e42000 ---p 00017000 08:08 661456                     /lib/x86_64-linux-gnu/libnsl-2.19.so
7f0139e42000-7f0139e43000 r--p 00016000 08:08 661456                     /lib/x86_64-linux-gnu/libnsl-2.19.so
7f0139e43000-7f0139e44000 rw-p 00017000 08:08 661456                     /lib/x86_64-linux-gnu/libnsl-2.19.so
7f0139e44000-7f0139e46000 rw-p 00000000 00:00 0 
7f0139e46000-7f0139e4f000 r-xp 00000000 08:08 661455                     /lib/x86_64-linux-gnu/libnss_compat-2.19.so
7f0139e4f000-7f013a04e000 ---p 00009000 08:08 661455                     /lib/x86_64-linux-gnu/libnss_compat-2.19.so
7f013a04e000-7f013a04f000 r--p 00008000 08:08 661455                     /lib/x86_64-linux-gnu/libnss_compat-2.19.so
7f013a04f000-7f013a050000 rw-p 00009000 08:08 661455                     /lib/x86_64-linux-gnu/libnss_compat-2.19.so
7f013a050000-7f013a07a000 r-xp 00000000 08:08 802604                     /usr/lib/jvm/jdk1.8.0_40/jre/lib/amd64/libjava.so
7f013a07a000-7f013a27a000 ---p 0002a000 08:08 802604                     /usr/lib/jvm/jdk1.8.0_40/jre/lib/amd64/libjava.so
7f013a27a000-7f013a27c000 rw-p 0002a000 08:08 802604                     /usr/lib/jvm/jdk1.8.0_40/jre/lib/amd64/libjava.so
7f013a27c000-7f013a289000 r-xp 00000000 08:08 802620                     /usr/lib/jvm/jdk1.8.0_40/jre/lib/amd64/libverify.so
7f013a289000-7f013a489000 ---p 0000d000 08:08 802620                     /usr/lib/jvm/jdk1.8.0_40/jre/lib/amd64/libverify.so
7f013a489000-7f013a48b000 rw-p 0000d000 08:08 802620                     /usr/lib/jvm/jdk1.8.0_40/jre/lib/amd64/libverify.so
7f013a48b000-7f013a492000 r-xp 00000000 08:08 665083                     /lib/x86_64-linux-gnu/librt-2.19.so
7f013a492000-7f013a691000 ---p 00007000 08:08 665083                     /lib/x86_64-linux-gnu/librt-2.19.so
7f013a691000-7f013a692000 r--p 00006000 08:08 665083                     /lib/x86_64-linux-gnu/librt-2.19.so
7f013a692000-7f013a693000 rw-p 00007000 08:08 665083                     /lib/x86_64-linux-gnu/librt-2.19.so
7f013a693000-7f013a798000 r-xp 00000000 08:08 661419                     /lib/x86_64-linux-gnu/libm-2.19.so
7f013a798000-7f013a997000 ---p 00105000 08:08 661419                     /lib/x86_64-linux-gnu/libm-2.19.so
7f013a997000-7f013a998000 r--p 00104000 08:08 661419                     /lib/x86_64-linux-gnu/libm-2.19.so
7f013a998000-7f013a999000 rw-p 00105000 08:08 661419                     /lib/x86_64-linux-gnu/libm-2.19.so
7f013a999000-7f013b647000 r-xp 00000000 08:08 802642                     /usr/lib/jvm/jdk1.8.0_40/jre/lib/amd64/server/libjvm.so
7f013b647000-7f013b846000 ---p 00cae000 08:08 802642                     /usr/lib/jvm/jdk1.8.0_40/jre/lib/amd64/server/libjvm.so
7f013b846000-7f013b91d000 rw-p 00cad000 08:08 802642                     /usr/lib/jvm/jdk1.8.0_40/jre/lib/amd64/server/libjvm.so
7f013b91d000-7f013b961000 rw-p 00000000 00:00 0 
7f013b961000-7f013bb1c000 r-xp 00000000 08:08 661511                     /lib/x86_64-linux-gnu/libc-2.19.so
7f013bb1c000-7f013bd1b000 ---p 001bb000 08:08 661511                     /lib/x86_64-linux-gnu/libc-2.19.so
7f013bd1b000-7f013bd1f000 r--p 001ba000 08:08 661511                     /lib/x86_64-linux-gnu/libc-2.19.so
7f013bd1f000-7f013bd21000 rw-p 001be000 08:08 661511                     /lib/x86_64-linux-gnu/libc-2.19.so
7f013bd21000-7f013bd26000 rw-p 00000000 00:00 0 
7f013bd26000-7f013bd29000 r-xp 00000000 08:08 661442                     /lib/x86_64-linux-gnu/libdl-2.19.so
7f013bd29000-7f013bf28000 ---p 00003000 08:08 661442                     /lib/x86_64-linux-gnu/libdl-2.19.so
7f013bf28000-7f013bf29000 r--p 00002000 08:08 661442                     /lib/x86_64-linux-gnu/libdl-2.19.so
7f013bf29000-7f013bf2a000 rw-p 00003000 08:08 661442                     /lib/x86_64-linux-gnu/libdl-2.19.so
7f013bf2a000-7f013bf3f000 r-xp 00000000 08:08 801638                     /usr/lib/jvm/jdk1.8.0_40/lib/amd64/jli/libjli.so
7f013bf3f000-7f013c13f000 ---p 00015000 08:08 801638                     /usr/lib/jvm/jdk1.8.0_40/lib/amd64/jli/libjli.so
7f013c13f000-7f013c140000 rw-p 00015000 08:08 801638                     /usr/lib/jvm/jdk1.8.0_40/lib/amd64/jli/libjli.so
7f013c140000-7f013c159000 r-xp 00000000 08:08 661512                     /lib/x86_64-linux-gnu/libpthread-2.19.so
7f013c159000-7f013c358000 ---p 00019000 08:08 661512                     /lib/x86_64-linux-gnu/libpthread-2.19.so
7f013c358000-7f013c359000 r--p 00018000 08:08 661512                     /lib/x86_64-linux-gnu/libpthread-2.19.so
7f013c359000-7f013c35a000 rw-p 00019000 08:08 661512                     /lib/x86_64-linux-gnu/libpthread-2.19.so
7f013c35a000-7f013c35e000 rw-p 00000000 00:00 0 
7f013c35e000-7f013c381000 r-xp 00000000 08:08 661489                     /lib/x86_64-linux-gnu/ld-2.19.so
7f013c381000-7f013c387000 r--s 00026000 08:08 568033                     /home/shreyans/.gradle/wrapper/dists/gradle-2.2.1-all/c64ydeuardnfqctvr1gm30w53/gradle-2.2.1/lib/gradle-base-services-2.2.1.jar
7f013c387000-7f013c459000 rw-p 00000000 00:00 0 
7f013c459000-7f013c45c000 ---p 00000000 00:00 0 
7f013c45c000-7f013c55e000 rw-p 00000000 00:00 0                          [stack:25917]
7f013c55e000-7f013c55f000 r--s 00000000 08:08 568069                     /home/shreyans/.gradle/wrapper/dists/gradle-2.2.1-all/c64ydeuardnfqctvr1gm30w53/gradle-2.2.1/lib/jcip-annotations-1.0.jar
7f013c55f000-7f013c560000 r--s 00004000 08:08 568101                     /home/shreyans/.gradle/wrapper/dists/gradle-2.2.1-all/c64ydeuardnfqctvr1gm30w53/gradle-2.2.1/lib/ant-launcher-1.9.3.jar
7f013c560000-7f013c574000 rw-p 00000000 00:00 0 
7f013c574000-7f013c57c000 rw-s 00000000 08:08 682192                     /tmp/hsperfdata_shreyans/25914
7f013c57c000-7f013c57d000 rw-p 00000000 00:00 0 
7f013c57d000-7f013c57e000 ---p 00000000 00:00 0 
7f013c57e000-7f013c580000 rw-p 00000000 00:00 0 
7f013c580000-7f013c581000 r--p 00022000 08:08 661489                     /lib/x86_64-linux-gnu/ld-2.19.so
7f013c581000-7f013c582000 rw-p 00023000 08:08 661489                     /lib/x86_64-linux-gnu/ld-2.19.so
7f013c582000-7f013c583000 rw-p 00000000 00:00 0 
7fffb0801000-7fffb0822000 rw-p 00000000 00:00 0                          [stack]
7fffb0982000-7fffb0984000 r-xp 00000000 00:00 0                          [vdso]
ffffffffff600000-ffffffffff601000 r-xp 00000000 00:00 0                  [vsyscall]

VM Arguments:
jvm_args: -XX:MaxPermSize=256m -XX:+HeapDumpOnOutOfMemoryError -Xmx1024m -Dfile.encoding=UTF-8 -Duser.country=IN -Duser.language=en -Duser.variant 
java_command: org.gradle.launcher.daemon.bootstrap.GradleDaemon 2.2.1 /home/shreyans/.gradle/daemon 10800000 e9a82ca5-5f43-4e7f-9a5c-46d771e2218e -XX:MaxPermSize=256m -XX:+HeapDumpOnOutOfMemoryError -Xmx1024m -Dfile.encoding=UTF-8 -Duser.country=IN -Duser.language=en -Duser.variant
java_class_path (initial): /home/shreyans/.gradle/wrapper/dists/gradle-2.2.1-all/c64ydeuardnfqctvr1gm30w53/gradle-2.2.1/lib/gradle-launcher-2.2.1.jar
Launcher Type: SUN_STANDARD

Environment Variables:
CLASSPATH=/home/shreyans/Downloads/android-studio/bin/../lib/bootstrap.jar:/home/shreyans/Downloads/android-studio/bin/../lib/extensions.jar:/home/shreyans/Downloads/android-studio/bin/../lib/util.jar:/home/shreyans/Downloads/android-studio/bin/../lib/jdom.jar:/home/shreyans/Downloads/android-studio/bin/../lib/log4j.jar:/home/shreyans/Downloads/android-studio/bin/../lib/trove4j.jar:/home/shreyans/Downloads/android-studio/bin/../lib/jna.jar:/usr/lib/jvm/jdk1.8.0_40/lib/tools.jar
PATH=/usr/local/sbin:/usr/local/bin:/usr/sbin:/usr/bin:/sbin:/bin:/usr/games:/usr/local/games
USERNAME=shreyans
LD_LIBRARY_PATH=/home/shreyans/Downloads/android-studio/bin:
SHELL=/bin/bash
DISPLAY=:0.0

Signal Handlers:
SIGSEGV: [libjvm.so+0xaad2e0], sa_mask[0]=11111111011111111101111111111110, sa_flags=SA_RESTART|SA_SIGINFO
SIGBUS: [libjvm.so+0xaad2e0], sa_mask[0]=11111111011111111101111111111110, sa_flags=SA_RESTART|SA_SIGINFO
SIGFPE: [libjvm.so+0x90b550], sa_mask[0]=11111111011111111101111111111110, sa_flags=SA_RESTART|SA_SIGINFO
SIGPIPE: [libjvm.so+0x90b550], sa_mask[0]=11111111011111111101111111111110, sa_flags=SA_RESTART|SA_SIGINFO
SIGXFSZ: [libjvm.so+0x90b550], sa_mask[0]=11111111011111111101111111111110, sa_flags=SA_RESTART|SA_SIGINFO
SIGILL: [libjvm.so+0x90b550], sa_mask[0]=11111111011111111101111111111110, sa_flags=SA_RESTART|SA_SIGINFO
SIGUSR1: SIG_DFL, sa_mask[0]=00000000000000000000000000000000, sa_flags=none
SIGUSR2: [libjvm.so+0x90cb90], sa_mask[0]=00100000000000000000000000000000, sa_flags=SA_RESTART|SA_SIGINFO
SIGHUP: [libjvm.so+0x90dee0], sa_mask[0]=11111111011111111101111111111110, sa_flags=SA_RESTART|SA_SIGINFO
SIGINT: [libjvm.so+0x90dee0], sa_mask[0]=11111111011111111101111111111110, sa_flags=SA_RESTART|SA_SIGINFO
SIGTERM: [libjvm.so+0x90dee0], sa_mask[0]=11111111011111111101111111111110, sa_flags=SA_RESTART|SA_SIGINFO
SIGQUIT: [libjvm.so+0x90dee0], sa_mask[0]=11111111011111111101111111111110, sa_flags=SA_RESTART|SA_SIGINFO


---------------  S Y S T E M  ---------------

OS:DISTRIB_ID=LinuxMint
DISTRIB_RELEASE=17.1
DISTRIB_CODENAME=rebecca
DISTRIB_DESCRIPTION="Linux Mint 17.1 Rebecca"

uname:Linux 3.13.0-37-generic #64-Ubuntu SMP Mon Sep 22 21:28:38 UTC 2014 x86_64
libc:glibc 2.19 NPTL 2.19 
rlimit: STACK 8192k, CORE 0k, NPROC 30384, NOFILE 4096, AS infinity
load average:9.37 4.68 2.52

/proc/meminfo:
MemTotal:        3920352 kB
MemFree:          383068 kB
Buffers:            8528 kB
Cached:           380868 kB
SwapCached:       263216 kB
Active:          2369432 kB
Inactive:         925064 kB
Active(anon):    2332568 kB
Inactive(anon):   839752 kB
Active(file):      36864 kB
Inactive(file):    85312 kB
Unevictable:         468 kB
Mlocked:             468 kB
SwapTotal:       4066300 kB
SwapFree:        2043040 kB
Dirty:              1604 kB
Writeback:             0 kB
AnonPages:       2844008 kB
Mapped:           106736 kB
Shmem:            267108 kB
Slab:             101384 kB
SReclaimable:      59364 kB
SUnreclaim:        42020 kB
KernelStack:        5144 kB
PageTables:        45020 kB
NFS_Unstable:          0 kB
Bounce:                0 kB
WritebackTmp:          0 kB
CommitLimit:     6026476 kB
Committed_AS:    8469244 kB
VmallocTotal:   34359738367 kB
VmallocUsed:      556388 kB
VmallocChunk:   34359172628 kB
HardwareCorrupted:     0 kB
AnonHugePages:    749568 kB
HugePages_Total:       0
HugePages_Free:        0
HugePages_Rsvd:        0
HugePages_Surp:        0
Hugepagesize:       2048 kB
DirectMap4k:       83708 kB
DirectMap2M:     3983360 kB


CPU:total 4 (2 cores per cpu, 2 threads per core) family 6 model 58 stepping 9, cmov, cx8, fxsr, mmx, sse, sse2, sse3, ssse3, sse4.1, sse4.2, popcnt, avx, aes, clmul, erms, ht, tsc, tscinvbit, tscinv

/proc/cpuinfo:
processor	: 0
vendor_id	: GenuineIntel
cpu family	: 6
model		: 58
model name	: Intel(R) Core(TM) i5-3210M CPU @ 2.50GHz
stepping	: 9
microcode	: 0x15
cpu MHz		: 1200.000
cache size	: 3072 KB
physical id	: 0
siblings	: 4
core id		: 0
cpu cores	: 2
apicid		: 0
initial apicid	: 0
fpu		: yes
fpu_exception	: yes
cpuid level	: 13
wp		: yes
flags		: fpu vme de pse tsc msr pae mce cx8 apic sep mtrr pge mca cmov pat pse36 clflush dts acpi mmx fxsr sse sse2 ss ht tm pbe syscall nx rdtscp lm constant_tsc arch_perfmon pebs bts rep_good nopl xtopology nonstop_tsc aperfmperf eagerfpu pni pclmulqdq dtes64 monitor ds_cpl vmx est tm2 ssse3 cx16 xtpr pdcm pcid sse4_1 sse4_2 x2apic popcnt tsc_deadline_timer aes xsave avx f16c rdrand lahf_lm ida arat epb xsaveopt pln pts dtherm tpr_shadow vnmi flexpriority ept vpid fsgsbase smep erms
bogomips	: 4988.54
clflush size	: 64
cache_alignment	: 64
address sizes	: 36 bits physical, 48 bits virtual
power management:

processor	: 1
vendor_id	: GenuineIntel
cpu family	: 6
model		: 58
model name	: Intel(R) Core(TM) i5-3210M CPU @ 2.50GHz
stepping	: 9
microcode	: 0x15
cpu MHz		: 2200.000
cache size	: 3072 KB
physical id	: 0
siblings	: 4
core id		: 0
cpu cores	: 2
apicid		: 1
initial apicid	: 1
fpu		: yes
fpu_exception	: yes
cpuid level	: 13
wp		: yes
flags		: fpu vme de pse tsc msr pae mce cx8 apic sep mtrr pge mca cmov pat pse36 clflush dts acpi mmx fxsr sse sse2 ss ht tm pbe syscall nx rdtscp lm constant_tsc arch_perfmon pebs bts rep_good nopl xtopology nonstop_tsc aperfmperf eagerfpu pni pclmulqdq dtes64 monitor ds_cpl vmx est tm2 ssse3 cx16 xtpr pdcm pcid sse4_1 sse4_2 x2apic popcnt tsc_deadline_timer aes xsave avx f16c rdrand lahf_lm ida arat epb xsaveopt pln pts dtherm tpr_shadow vnmi flexpriority ept vpid fsgsbase smep erms
bogomips	: 4988.54
clflush size	: 64
cache_alignment	: 64
address sizes	: 36 bits physical, 48 bits virtual
power management:

processor	: 2
vendor_id	: GenuineIntel
cpu family	: 6
model		: 58
model name	: Intel(R) Core(TM) i5-3210M CPU @ 2.50GHz
stepping	: 9
microcode	: 0x15
cpu MHz		: 2501.000
cache size	: 3072 KB
physical id	: 0
siblings	: 4
core id		: 1
cpu cores	: 2
apicid		: 2
initial apicid	: 2
fpu		: yes
fpu_exception	: yes
cpuid level	: 13
wp		: yes
flags		: fpu vme de pse tsc msr pae mce cx8 apic sep mtrr pge mca cmov pat pse36 clflush dts acpi mmx fxsr sse sse2 ss ht tm pbe syscall nx rdtscp lm constant_tsc arch_perfmon pebs bts rep_good nopl xtopology nonstop_tsc aperfmperf eagerfpu pni pclmulqdq dtes64 monitor ds_cpl vmx est tm2 ssse3 cx16 xtpr pdcm pcid sse4_1 sse4_2 x2apic popcnt tsc_deadline_timer aes xsave avx f16c rdrand lahf_lm ida arat epb xsaveopt pln pts dtherm tpr_shadow vnmi flexpriority ept vpid fsgsbase smep erms
bogomips	: 4988.54
clflush size	: 64
cache_alignment	: 64
address sizes	: 36 bits physical, 48 bits virtual
power management:

processor	: 3
vendor_id	: GenuineIntel
cpu family	: 6
model		: 58
model name	: Intel(R) Core(TM) i5-3210M CPU @ 2.50GHz
stepping	: 9
microcode	: 0x15
cpu MHz		: 1200.000
cache size	: 3072 KB
physical id	: 0
siblings	: 4
core id		: 1
cpu cores	: 2
apicid		: 3
initial apicid	: 3
fpu		: yes
fpu_exception	: yes
cpuid level	: 13
wp		: yes
flags		: fpu vme de pse tsc msr pae mce cx8 apic sep mtrr pge mca cmov pat pse36 clflush dts acpi mmx fxsr sse sse2 ss ht tm pbe syscall nx rdtscp lm constant_tsc arch_perfmon pebs bts rep_good nopl xtopology nonstop_tsc aperfmperf eagerfpu pni pclmulqdq dtes64 monitor ds_cpl vmx est tm2 ssse3 cx16 xtpr pdcm pcid sse4_1 sse4_2 x2apic popcnt tsc_deadline_timer aes xsave avx f16c rdrand lahf_lm ida arat epb xsaveopt pln pts dtherm tpr_shadow vnmi flexpriority ept vpid fsgsbase smep erms
bogomips	: 4988.54
clflush size	: 64
cache_alignment	: 64
address sizes	: 36 bits physical, 48 bits virtual
power management:



Memory: 4k page, physical 3920352k(383068k free), swap 4066300k(2043040k free)

vm_info: Java HotSpot(TM) 64-Bit Server VM (25.40-b25) for linux-amd64 JRE (1.8.0_40-b26), built on Mar  7 2015 15:08:31 by "java_re" with gcc 4.3.0 20080428 (Red Hat 4.3.0-8)

time: Sat May  2 15:12:19 2015
elapsed time: 16773 seconds (0d 4h 39m 33s)

